2018-12-05 16:11:57 [main] INFO  com.buptiot.OasysApplication - "Starting OasysApplication on zyf-PC with PID 11364 (F:\github\oasys\target\classes started by zyf in F:\github\oasys)"
2018-12-05 16:11:57 [main] INFO  com.buptiot.OasysApplication - "The following profiles are active: application"
2018-12-05 16:11:57 [main] INFO  o.s.b.w.s.c.AnnotationConfigServletWebServerApplicationContext - "Refreshing org.springframework.boot.web.servlet.context.AnnotationConfigServletWebServerApplicationContext@22555ebf: startup date [Wed Dec 05 16:11:57 CST 2018]; root of context hierarchy"
2018-12-05 16:12:05 [main] INFO  o.s.b.w.e.tomcat.TomcatWebServer - "Tomcat initialized with port(s): 8086 (http)"
2018-12-05 16:12:05 [main] INFO  o.a.coyote.http11.Http11NioProtocol - "Initializing ProtocolHandler ["http-nio-8086"]"
2018-12-05 16:12:05 [main] INFO  o.a.catalina.core.StandardService - "Starting service [Tomcat]"
2018-12-05 16:12:05 [main] INFO  o.a.catalina.core.StandardEngine - "Starting Servlet Engine: Apache Tomcat/8.5.34"
2018-12-05 16:12:05 [localhost-startStop-1] INFO  o.a.c.core.AprLifecycleListener - "The APR based Apache Tomcat Native library which allows optimal performance in production environments was not found on the java.library.path: [E:\java\jdk\bin;C:\Windows\Sun\Java\bin;C:\Windows\system32;C:\Windows;E:\java\jdk\bin;E:\java\jdk\jre\bin;C:\ProgramData\Oracle\Java\javapath;C:\Windows\system32;C:\Windows;C:\Windows\System32\Wbem;C:\Windows\System32\WindowsPowerShell\v1.0\;C:\Program Files (x86)\ATI Technologies\ATI.ACE\Core-Static;E:\Matlab2010A\runtime\win64;E:\Matlab2010A\bin;C:\Program Files (x86)\Microsoft SQL Server\90\Tools\binn\;C:\Program Files\Microsoft SQL Server\90\DTS\Binn\;C:\Program Files\Microsoft SQL Server\90\Tools\binn\;C:\Program Files (x86)\Microsoft SQL Server\80\Tools\Binn\;C:\Program Files (x86)\Windows Kits\8.1\Windows Performance Toolkit\;C:\Program Files\Microsoft SQL Server\110\Tools\Binn\;C:\Program Files (x86)\Microsoft SDKs\TypeScript\1.0\;C:\Program Files\Microsoft SQL Server\120\Tools\Binn\;e:\quartus\quartus\bin;E:\apache-maven-3.5.0\bin;E:\Git\cmd;E:\nodejs\;C:\Program Files\MySQL\MySQL Utilities 1.6\;E:\SQLlite;E:\Python\Python37;E:\Python\Python37\Scripts;C:\Users\zyf\AppData\Roaming\npm;.]"
2018-12-05 16:12:05 [localhost-startStop-1] INFO  o.a.c.c.C.[Tomcat].[localhost].[/] - "Initializing Spring embedded WebApplicationContext"
2018-12-05 16:12:05 [localhost-startStop-1] INFO  o.s.web.context.ContextLoader - "Root WebApplicationContext: initialization completed in 7985 ms"
2018-12-05 16:12:05 [localhost-startStop-1] INFO  o.s.b.w.s.ServletRegistrationBean - "Servlet dispatcherServlet mapped to [/]"
2018-12-05 16:12:05 [localhost-startStop-1] INFO  o.s.b.w.s.FilterRegistrationBean - "Mapping filter: 'characterEncodingFilter' to: [/*]"
2018-12-05 16:12:05 [localhost-startStop-1] INFO  o.s.b.w.s.FilterRegistrationBean - "Mapping filter: 'hiddenHttpMethodFilter' to: [/*]"
2018-12-05 16:12:05 [localhost-startStop-1] INFO  o.s.b.w.s.FilterRegistrationBean - "Mapping filter: 'httpPutFormContentFilter' to: [/*]"
2018-12-05 16:12:05 [localhost-startStop-1] INFO  o.s.b.w.s.FilterRegistrationBean - "Mapping filter: 'requestContextFilter' to: [/*]"
2018-12-05 16:12:07 [main] INFO  o.s.w.s.h.SimpleUrlHandlerMapping - "Mapped URL path [/**/favicon.ico] onto handler of type [class org.springframework.web.servlet.resource.ResourceHttpRequestHandler]"
2018-12-05 16:12:08 [main] INFO  o.s.w.s.m.m.a.RequestMappingHandlerAdapter - "Looking for @ControllerAdvice: org.springframework.boot.web.servlet.context.AnnotationConfigServletWebServerApplicationContext@22555ebf: startup date [Wed Dec 05 16:11:57 CST 2018]; root of context hierarchy"
2018-12-05 16:12:08 [main] INFO  o.s.w.s.m.m.a.RequestMappingHandlerMapping - "Mapped "{[/api/v1/info/accessPages],methods=[GET],params=[limit]}" onto public java.lang.Integer com.buptiot.controller.AccessController.getAccessPages(int) throws java.lang.Exception"
2018-12-05 16:12:08 [main] INFO  o.s.w.s.m.m.a.RequestMappingHandlerMapping - "Mapped "{[/api/v1/info/accessByPage],methods=[GET],params=[limit && page],produces=[text/html;charset=UTF-8]}" onto public java.lang.String com.buptiot.controller.AccessController.getAccessByPage(int,int) throws java.lang.Exception"
2018-12-05 16:12:08 [main] INFO  o.s.w.s.m.m.a.RequestMappingHandlerMapping - "Mapped "{[/api/v1/info/accessCount],methods=[GET]}" onto public java.lang.Integer com.buptiot.controller.AccessController.getAccessCount() throws java.lang.Exception"
2018-12-05 16:12:08 [main] INFO  o.s.w.s.m.m.a.RequestMappingHandlerMapping - "Mapped "{[/api/v1/info/access],methods=[POST],produces=[text/html;charset=UTF-8]}" onto public java.lang.String com.buptiot.controller.AccessController.createAccess(java.lang.String) throws java.lang.Exception"
2018-12-05 16:12:08 [main] INFO  o.s.w.s.m.m.a.RequestMappingHandlerMapping - "Mapped "{[/api/v1/info/access],methods=[PUT],produces=[text/html;charset=UTF-8]}" onto public java.lang.String com.buptiot.controller.AccessController.updateAccess(java.lang.String) throws java.lang.Exception"
2018-12-05 16:12:08 [main] INFO  o.s.w.s.m.m.a.RequestMappingHandlerMapping - "Mapped "{[/api/v1/info/access],methods=[GET],produces=[text/html;charset=UTF-8]}" onto public java.lang.String com.buptiot.controller.AccessController.getAllAccess() throws java.lang.Exception"
2018-12-05 16:12:08 [main] INFO  o.s.w.s.m.m.a.RequestMappingHandlerMapping - "Mapped "{[/api/v1/info/accessByAccessId],methods=[GET],params=[accessId],produces=[text/html;charset=UTF-8]}" onto public java.lang.String com.buptiot.controller.AccessController.getAccessByAccessId(java.lang.Integer) throws java.lang.Exception"
2018-12-05 16:12:08 [main] INFO  o.s.w.s.m.m.a.RequestMappingHandlerMapping - "Mapped "{[/api/v1/info/accessByAccessId],methods=[DELETE],params=[accessId]}" onto public void com.buptiot.controller.AccessController.deleteAccessByAccessId(java.lang.Integer)"
2018-12-05 16:12:08 [main] INFO  o.s.w.s.m.m.a.RequestMappingHandlerMapping - "Mapped "{[/api/v1/info/accessByUserId],methods=[GET],params=[Id],produces=[text/html;charset=UTF-8]}" onto public java.lang.String com.buptiot.controller.AccessController.getAccessByUserId(java.lang.Integer) throws java.lang.Exception"
2018-12-05 16:12:08 [main] INFO  o.s.w.s.m.m.a.RequestMappingHandlerMapping - "Mapped "{[/api/v1/info/accessByRoleId],methods=[GET],params=[roleId],produces=[text/html;charset=UTF-8]}" onto public java.lang.String com.buptiot.controller.AccessController.getAccessByRoleId(java.lang.Integer) throws java.lang.Exception"
2018-12-05 16:12:08 [main] INFO  o.s.w.s.m.m.a.RequestMappingHandlerMapping - "Mapped "{[/api/v1/info/reservePlanByPage],methods=[GET],params=[limit && page],produces=[text/html;charset=UTF-8]}" onto public java.lang.String com.buptiot.controller.ReservePlanController.getReservePlanByPage(int,int) throws java.lang.Exception"
2018-12-05 16:12:08 [main] INFO  o.s.w.s.m.m.a.RequestMappingHandlerMapping - "Mapped "{[/api/v1/info/reservePlanPages],methods=[GET],params=[limit]}" onto public java.lang.Integer com.buptiot.controller.ReservePlanController.getReservePlanPages(int) throws java.lang.Exception"
2018-12-05 16:12:08 [main] INFO  o.s.w.s.m.m.a.RequestMappingHandlerMapping - "Mapped "{[/api/v1/info/reservePlanById],methods=[GET],params=[Id],produces=[text/html;charset=UTF-8]}" onto public java.lang.String com.buptiot.controller.ReservePlanController.getReservePlanById(java.lang.Integer) throws java.lang.Exception"
2018-12-05 16:12:08 [main] INFO  o.s.w.s.m.m.a.RequestMappingHandlerMapping - "Mapped "{[/api/v1/info/reservePlanCount],methods=[GET]}" onto public java.lang.Integer com.buptiot.controller.ReservePlanController.getReservePlanCount() throws java.lang.Exception"
2018-12-05 16:12:08 [main] INFO  o.s.w.s.m.m.a.RequestMappingHandlerMapping - "Mapped "{[/api/v1/info/reservePlan],methods=[POST],produces=[text/html;charset=UTF-8]}" onto public java.lang.String com.buptiot.controller.ReservePlanController.createReservePlan(java.lang.String) throws java.lang.Exception"
2018-12-05 16:12:08 [main] INFO  o.s.w.s.m.m.a.RequestMappingHandlerMapping - "Mapped "{[/api/v1/info/reservePlan],methods=[PUT],produces=[text/html;charset=UTF-8]}" onto public java.lang.String com.buptiot.controller.ReservePlanController.updateReservePlan(java.lang.String) throws java.lang.Exception"
2018-12-05 16:12:08 [main] INFO  o.s.w.s.m.m.a.RequestMappingHandlerMapping - "Mapped "{[/api/v1/info/reservePlanById],methods=[DELETE],params=[Id]}" onto public void com.buptiot.controller.ReservePlanController.deleteReservePlanById(java.lang.Integer)"
2018-12-05 16:12:08 [main] INFO  o.s.w.s.m.m.a.RequestMappingHandlerMapping - "Mapped "{[/api/v1/info/reservePlan],methods=[GET],produces=[text/html;charset=UTF-8]}" onto public java.lang.String com.buptiot.controller.ReservePlanController.getAllReservePlan() throws java.lang.Exception"
2018-12-05 16:12:08 [main] INFO  o.s.w.s.m.m.a.RequestMappingHandlerMapping - "Mapped "{[/api/v1/info/roleByPage],methods=[GET],params=[limit && page],produces=[text/html;charset=UTF-8]}" onto public java.lang.String com.buptiot.controller.RoleController.getRoleByPage(int,int) throws java.lang.Exception"
2018-12-05 16:12:08 [main] INFO  o.s.w.s.m.m.a.RequestMappingHandlerMapping - "Mapped "{[/api/v1/info/rolePages],methods=[GET],params=[limit]}" onto public java.lang.Integer com.buptiot.controller.RoleController.getRolePages(int) throws java.lang.Exception"
2018-12-05 16:12:08 [main] INFO  o.s.w.s.m.m.a.RequestMappingHandlerMapping - "Mapped "{[/api/v1/info/roleByRoleId],methods=[GET],params=[roleId],produces=[text/html;charset=UTF-8]}" onto public java.lang.String com.buptiot.controller.RoleController.getRoleByRoleId(java.lang.Integer) throws java.lang.Exception"
2018-12-05 16:12:08 [main] INFO  o.s.w.s.m.m.a.RequestMappingHandlerMapping - "Mapped "{[/api/v1/info/roleCount],methods=[GET]}" onto public java.lang.Integer com.buptiot.controller.RoleController.getRoleCount() throws java.lang.Exception"
2018-12-05 16:12:08 [main] INFO  o.s.w.s.m.m.a.RequestMappingHandlerMapping - "Mapped "{[/api/v1/info/role],methods=[POST],produces=[text/html;charset=UTF-8]}" onto public java.lang.String com.buptiot.controller.RoleController.createRole(java.lang.String) throws java.lang.Exception"
2018-12-05 16:12:08 [main] INFO  o.s.w.s.m.m.a.RequestMappingHandlerMapping - "Mapped "{[/api/v1/info/role],methods=[PUT],produces=[text/html;charset=UTF-8]}" onto public java.lang.String com.buptiot.controller.RoleController.updateRole(java.lang.String) throws java.lang.Exception"
2018-12-05 16:12:08 [main] INFO  o.s.w.s.m.m.a.RequestMappingHandlerMapping - "Mapped "{[/api/v1/info/role],methods=[GET],produces=[text/html;charset=UTF-8]}" onto public java.lang.String com.buptiot.controller.RoleController.getAllRole() throws java.lang.Exception"
2018-12-05 16:12:08 [main] INFO  o.s.w.s.m.m.a.RequestMappingHandlerMapping - "Mapped "{[/api/v1/info/roleByUserId],methods=[GET],params=[Id],produces=[text/html;charset=UTF-8]}" onto public java.lang.String com.buptiot.controller.RoleController.getRoleByUserId(java.lang.Integer) throws java.lang.Exception"
2018-12-05 16:12:08 [main] INFO  o.s.w.s.m.m.a.RequestMappingHandlerMapping - "Mapped "{[/api/v1/info/roleByRoleId],methods=[DELETE],params=[roleId]}" onto public void com.buptiot.controller.RoleController.deleteRoleByRoleId(java.lang.Integer)"
2018-12-05 16:12:08 [main] INFO  o.s.w.s.m.m.a.RequestMappingHandlerMapping - "Mapped "{[/api/v1/info/roleByAccessId],methods=[GET],params=[accessId],produces=[text/html;charset=UTF-8]}" onto public java.lang.String com.buptiot.controller.RoleController.getRoleByAccessId(java.lang.Integer) throws java.lang.Exception"
2018-12-05 16:12:08 [main] INFO  o.s.w.s.m.m.a.RequestMappingHandlerMapping - "Mapped "{[/api/v1/info/travelByPage],methods=[GET],params=[limit && page],produces=[text/html;charset=UTF-8]}" onto public java.lang.String com.buptiot.controller.TravelController.getTravelByPage(int,int) throws java.lang.Exception"
2018-12-05 16:12:08 [main] INFO  o.s.w.s.m.m.a.RequestMappingHandlerMapping - "Mapped "{[/api/v1/info/travelPages],methods=[GET],params=[limit]}" onto public java.lang.Integer com.buptiot.controller.TravelController.getTravelPages(int) throws java.lang.Exception"
2018-12-05 16:12:08 [main] INFO  o.s.w.s.m.m.a.RequestMappingHandlerMapping - "Mapped "{[/api/v1/info/travelByDate],methods=[GET],params=[Date],produces=[text/html;charset=UTF-8]}" onto public java.lang.String com.buptiot.controller.TravelController.getTravelByDate(java.lang.Long) throws java.lang.Exception"
2018-12-05 16:12:08 [main] INFO  o.s.w.s.m.m.a.RequestMappingHandlerMapping - "Mapped "{[/api/v1/info/travelCount],methods=[GET]}" onto public java.lang.Integer com.buptiot.controller.TravelController.getTravelCount() throws java.lang.Exception"
2018-12-05 16:12:08 [main] INFO  o.s.w.s.m.m.a.RequestMappingHandlerMapping - "Mapped "{[/api/v1/info/travel],methods=[POST],produces=[text/html;charset=UTF-8]}" onto public java.lang.String com.buptiot.controller.TravelController.createTravel(java.lang.String) throws java.lang.Exception"
2018-12-05 16:12:08 [main] INFO  o.s.w.s.m.m.a.RequestMappingHandlerMapping - "Mapped "{[/api/v1/info/travel],methods=[PUT],produces=[text/html;charset=UTF-8]}" onto public java.lang.String com.buptiot.controller.TravelController.updateTravel(java.lang.String) throws java.lang.Exception"
2018-12-05 16:12:08 [main] INFO  o.s.w.s.m.m.a.RequestMappingHandlerMapping - "Mapped "{[/api/v1/info/travel],methods=[GET],produces=[text/html;charset=UTF-8]}" onto public java.lang.String com.buptiot.controller.TravelController.getAllTravel() throws java.lang.Exception"
2018-12-05 16:12:08 [main] INFO  o.s.w.s.m.m.a.RequestMappingHandlerMapping - "Mapped "{[/api/v1/info/travelByTravelId],methods=[GET],params=[travelId],produces=[text/html;charset=UTF-8]}" onto public java.lang.String com.buptiot.controller.TravelController.getTravelByTravelId(java.lang.Integer) throws java.lang.Exception"
2018-12-05 16:12:08 [main] INFO  o.s.w.s.m.m.a.RequestMappingHandlerMapping - "Mapped "{[/api/v1/info/travelByTravelId],methods=[DELETE],params=[travelId]}" onto public void com.buptiot.controller.TravelController.deleteTravelByTravelId(java.lang.Integer)"
2018-12-05 16:12:08 [main] INFO  o.s.w.s.m.m.a.RequestMappingHandlerMapping - "Mapped "{[/api/v1/info/travelByDate],methods=[DELETE],params=[date]}" onto public void com.buptiot.controller.TravelController.deleteTravelByDate(java.lang.Long)"
2018-12-05 16:12:08 [main] INFO  o.s.w.s.m.m.a.RequestMappingHandlerMapping - "Mapped "{[/api/v1/info/userInfoByPage],methods=[GET],params=[limit && page],produces=[text/html;charset=UTF-8]}" onto public java.lang.String com.buptiot.controller.UserInfoController.getUserInfoByPage(int,int) throws java.lang.Exception"
2018-12-05 16:12:08 [main] INFO  o.s.w.s.m.m.a.RequestMappingHandlerMapping - "Mapped "{[/api/v1/info/userInfoById],methods=[DELETE],params=[Id]}" onto public void com.buptiot.controller.UserInfoController.deleteUserInfoById(java.lang.Integer)"
2018-12-05 16:12:08 [main] INFO  o.s.w.s.m.m.a.RequestMappingHandlerMapping - "Mapped "{[/api/v1/info/userInfoByRoleId],methods=[GET],params=[roleId],produces=[text/html;charset=UTF-8]}" onto public java.lang.String com.buptiot.controller.UserInfoController.getUserInfoByRoleId(java.lang.Integer) throws java.lang.Exception"
2018-12-05 16:12:08 [main] INFO  o.s.w.s.m.m.a.RequestMappingHandlerMapping - "Mapped "{[/api/v1/info/userInfoByAccessId],methods=[GET],params=[accessId],produces=[text/html;charset=UTF-8]}" onto public java.lang.String com.buptiot.controller.UserInfoController.getUserInfoByAccessId(java.lang.Integer) throws java.lang.Exception"
2018-12-05 16:12:08 [main] INFO  o.s.w.s.m.m.a.RequestMappingHandlerMapping - "Mapped "{[/api/v1/info/userInfoById],methods=[GET],params=[Id],produces=[text/html;charset=UTF-8]}" onto public java.lang.String com.buptiot.controller.UserInfoController.getUserInfoById(java.lang.Integer) throws java.lang.Exception"
2018-12-05 16:12:08 [main] INFO  o.s.w.s.m.m.a.RequestMappingHandlerMapping - "Mapped "{[/api/v1/info/userInfoPages],methods=[GET],params=[limit]}" onto public java.lang.Integer com.buptiot.controller.UserInfoController.getUserInfoPages(int) throws java.lang.Exception"
2018-12-05 16:12:08 [main] INFO  o.s.w.s.m.m.a.RequestMappingHandlerMapping - "Mapped "{[/api/v1/info/userInfoCount],methods=[GET]}" onto public java.lang.Integer com.buptiot.controller.UserInfoController.getUserInfoCount() throws java.lang.Exception"
2018-12-05 16:12:08 [main] INFO  o.s.w.s.m.m.a.RequestMappingHandlerMapping - "Mapped "{[/api/v1/info/userInfo],methods=[POST],produces=[text/html;charset=UTF-8]}" onto public java.lang.String com.buptiot.controller.UserInfoController.createUserInfo(java.lang.String) throws java.lang.Exception"
2018-12-05 16:12:08 [main] INFO  o.s.w.s.m.m.a.RequestMappingHandlerMapping - "Mapped "{[/api/v1/info/userInfo],methods=[PUT],produces=[text/html;charset=UTF-8]}" onto public java.lang.String com.buptiot.controller.UserInfoController.updateUserInfo(java.lang.String) throws java.lang.Exception"
2018-12-05 16:12:08 [main] INFO  o.s.w.s.m.m.a.RequestMappingHandlerMapping - "Mapped "{[/api/v1/info/userInfo],methods=[GET],produces=[text/html;charset=UTF-8]}" onto public java.lang.String com.buptiot.controller.UserInfoController.getAllUserInfo() throws java.lang.Exception"
2018-12-05 16:12:08 [main] INFO  o.s.w.s.m.m.a.RequestMappingHandlerMapping - "Mapped "{[/error]}" onto public org.springframework.http.ResponseEntity<java.util.Map<java.lang.String, java.lang.Object>> org.springframework.boot.autoconfigure.web.servlet.error.BasicErrorController.error(javax.servlet.http.HttpServletRequest)"
2018-12-05 16:12:08 [main] INFO  o.s.w.s.m.m.a.RequestMappingHandlerMapping - "Mapped "{[/error],produces=[text/html]}" onto public org.springframework.web.servlet.ModelAndView org.springframework.boot.autoconfigure.web.servlet.error.BasicErrorController.errorHtml(javax.servlet.http.HttpServletRequest,javax.servlet.http.HttpServletResponse)"
2018-12-05 16:12:08 [main] INFO  o.s.w.s.h.SimpleUrlHandlerMapping - "Mapped URL path [/webjars/**] onto handler of type [class org.springframework.web.servlet.resource.ResourceHttpRequestHandler]"
2018-12-05 16:12:08 [main] INFO  o.s.w.s.h.SimpleUrlHandlerMapping - "Mapped URL path [/**] onto handler of type [class org.springframework.web.servlet.resource.ResourceHttpRequestHandler]"
2018-12-05 16:12:10 [main] INFO  o.s.j.e.a.AnnotationMBeanExporter - "Registering beans for JMX exposure on startup"
2018-12-05 16:12:10 [main] INFO  o.s.j.e.a.AnnotationMBeanExporter - "Bean with name 'dataSource' has been autodetected for JMX exposure"
2018-12-05 16:12:10 [main] INFO  o.s.j.e.a.AnnotationMBeanExporter - "Located MBean 'dataSource': registering with JMX server as MBean [com.zaxxer.hikari:name=dataSource,type=HikariDataSource]"
2018-12-05 16:12:10 [main] INFO  o.a.coyote.http11.Http11NioProtocol - "Starting ProtocolHandler ["http-nio-8086"]"
2018-12-05 16:12:10 [main] INFO  o.a.tomcat.util.net.NioSelectorPool - "Using a shared selector for servlet write/read"
2018-12-05 16:12:10 [main] INFO  o.s.b.w.e.tomcat.TomcatWebServer - "Tomcat started on port(s): 8086 (http) with context path ''"
2018-12-05 16:12:10 [main] INFO  com.buptiot.OasysApplication - "Started OasysApplication in 16.517 seconds (JVM running for 23.546)"
2018-12-05 16:12:53 [http-nio-8086-exec-1] INFO  o.a.c.c.C.[Tomcat].[localhost].[/] - "Initializing Spring FrameworkServlet 'dispatcherServlet'"
2018-12-05 16:12:53 [http-nio-8086-exec-1] INFO  o.s.web.servlet.DispatcherServlet - "FrameworkServlet 'dispatcherServlet': initialization started"
2018-12-05 16:12:54 [http-nio-8086-exec-1] INFO  o.s.web.servlet.DispatcherServlet - "FrameworkServlet 'dispatcherServlet': initialization completed in 337 ms"
2018-12-05 16:12:54 [http-nio-8086-exec-1] WARN  o.s.w.s.m.s.DefaultHandlerExceptionResolver - "Resolved [org.springframework.web.bind.UnsatisfiedServletRequestParameterException: Parameter conditions "Id" not met for actual request parameters: id={3}]"
2018-12-05 16:13:55 [http-nio-8086-exec-2] INFO  com.zaxxer.hikari.HikariDataSource - "HikariPool-1 - Starting..."
2018-12-05 16:13:55 [http-nio-8086-exec-2] INFO  com.zaxxer.hikari.HikariDataSource - "HikariPool-1 - Start completed."
2018-12-05 16:13:55 [http-nio-8086-exec-2] INFO  o.s.b.f.xml.XmlBeanDefinitionReader - "Loading XML bean definitions from class path resource [org/springframework/jdbc/support/sql-error-codes.xml]"
2018-12-05 16:13:56 [http-nio-8086-exec-2] ERROR o.a.c.c.C.[.[.[.[dispatcherServlet] - "Servlet.service() for servlet [dispatcherServlet] in context with path [] threw exception [Request processing failed; nested exception is java.lang.Exception: getReservePlanById error!] with root cause"
java.lang.Exception: getReservePlanById error!
	at com.buptiot.controller.ReservePlanController.getReservePlanById(ReservePlanController.java:53)
	at sun.reflect.NativeMethodAccessorImpl.invoke0(Native Method)
	at sun.reflect.NativeMethodAccessorImpl.invoke(NativeMethodAccessorImpl.java:62)
	at sun.reflect.DelegatingMethodAccessorImpl.invoke(DelegatingMethodAccessorImpl.java:43)
	at java.lang.reflect.Method.invoke(Method.java:497)
	at org.springframework.web.method.support.InvocableHandlerMethod.doInvoke(InvocableHandlerMethod.java:209)
	at org.springframework.web.method.support.InvocableHandlerMethod.invokeForRequest(InvocableHandlerMethod.java:136)
	at org.springframework.web.servlet.mvc.method.annotation.ServletInvocableHandlerMethod.invokeAndHandle(ServletInvocableHandlerMethod.java:102)
	at org.springframework.web.servlet.mvc.method.annotation.RequestMappingHandlerAdapter.invokeHandlerMethod(RequestMappingHandlerAdapter.java:891)
	at org.springframework.web.servlet.mvc.method.annotation.RequestMappingHandlerAdapter.handleInternal(RequestMappingHandlerAdapter.java:797)
	at org.springframework.web.servlet.mvc.method.AbstractHandlerMethodAdapter.handle(AbstractHandlerMethodAdapter.java:87)
	at org.springframework.web.servlet.DispatcherServlet.doDispatch(DispatcherServlet.java:991)
	at org.springframework.web.servlet.DispatcherServlet.doService(DispatcherServlet.java:925)
	at org.springframework.web.servlet.FrameworkServlet.processRequest(FrameworkServlet.java:974)
	at org.springframework.web.servlet.FrameworkServlet.doGet(FrameworkServlet.java:866)
	at javax.servlet.http.HttpServlet.service(HttpServlet.java:635)
	at org.springframework.web.servlet.FrameworkServlet.service(FrameworkServlet.java:851)
	at javax.servlet.http.HttpServlet.service(HttpServlet.java:742)
	at org.apache.catalina.core.ApplicationFilterChain.internalDoFilter(ApplicationFilterChain.java:231)
	at org.apache.catalina.core.ApplicationFilterChain.doFilter(ApplicationFilterChain.java:166)
	at org.apache.tomcat.websocket.server.WsFilter.doFilter(WsFilter.java:52)
	at org.apache.catalina.core.ApplicationFilterChain.internalDoFilter(ApplicationFilterChain.java:193)
	at org.apache.catalina.core.ApplicationFilterChain.doFilter(ApplicationFilterChain.java:166)
	at org.springframework.web.filter.RequestContextFilter.doFilterInternal(RequestContextFilter.java:99)
	at org.springframework.web.filter.OncePerRequestFilter.doFilter(OncePerRequestFilter.java:107)
	at org.apache.catalina.core.ApplicationFilterChain.internalDoFilter(ApplicationFilterChain.java:193)
	at org.apache.catalina.core.ApplicationFilterChain.doFilter(ApplicationFilterChain.java:166)
	at org.springframework.web.filter.HttpPutFormContentFilter.doFilterInternal(HttpPutFormContentFilter.java:109)
	at org.springframework.web.filter.OncePerRequestFilter.doFilter(OncePerRequestFilter.java:107)
	at org.apache.catalina.core.ApplicationFilterChain.internalDoFilter(ApplicationFilterChain.java:193)
	at org.apache.catalina.core.ApplicationFilterChain.doFilter(ApplicationFilterChain.java:166)
	at org.springframework.web.filter.HiddenHttpMethodFilter.doFilterInternal(HiddenHttpMethodFilter.java:81)
	at org.springframework.web.filter.OncePerRequestFilter.doFilter(OncePerRequestFilter.java:107)
	at org.apache.catalina.core.ApplicationFilterChain.internalDoFilter(ApplicationFilterChain.java:193)
	at org.apache.catalina.core.ApplicationFilterChain.doFilter(ApplicationFilterChain.java:166)
	at org.springframework.web.filter.CharacterEncodingFilter.doFilterInternal(CharacterEncodingFilter.java:200)
	at org.springframework.web.filter.OncePerRequestFilter.doFilter(OncePerRequestFilter.java:107)
	at org.apache.catalina.core.ApplicationFilterChain.internalDoFilter(ApplicationFilterChain.java:193)
	at org.apache.catalina.core.ApplicationFilterChain.doFilter(ApplicationFilterChain.java:166)
	at org.apache.catalina.core.StandardWrapperValve.invoke(StandardWrapperValve.java:198)
	at org.apache.catalina.core.StandardContextValve.invoke(StandardContextValve.java:96)
	at org.apache.catalina.authenticator.AuthenticatorBase.invoke(AuthenticatorBase.java:493)
	at org.apache.catalina.core.StandardHostValve.invoke(StandardHostValve.java:140)
	at org.apache.catalina.valves.ErrorReportValve.invoke(ErrorReportValve.java:81)
	at org.apache.catalina.core.StandardEngineValve.invoke(StandardEngineValve.java:87)
	at org.apache.catalina.connector.CoyoteAdapter.service(CoyoteAdapter.java:342)
	at org.apache.coyote.http11.Http11Processor.service(Http11Processor.java:800)
	at org.apache.coyote.AbstractProcessorLight.process(AbstractProcessorLight.java:66)
	at org.apache.coyote.AbstractProtocol$ConnectionHandler.process(AbstractProtocol.java:806)
	at org.apache.tomcat.util.net.NioEndpoint$SocketProcessor.doRun(NioEndpoint.java:1498)
	at org.apache.tomcat.util.net.SocketProcessorBase.run(SocketProcessorBase.java:49)
	at java.util.concurrent.ThreadPoolExecutor.runWorker(ThreadPoolExecutor.java:1142)
	at java.util.concurrent.ThreadPoolExecutor$Worker.run(ThreadPoolExecutor.java:617)
	at org.apache.tomcat.util.threads.TaskThread$WrappingRunnable.run(TaskThread.java:61)
	at java.lang.Thread.run(Thread.java:745)
2018-12-05 16:13:56 [http-nio-8086-exec-2] WARN  o.s.w.s.m.s.DefaultHandlerExceptionResolver - "Resolved [org.springframework.web.HttpMediaTypeNotAcceptableException: Could not find acceptable representation]"
2018-12-05 16:14:49 [http-nio-8086-exec-3] ERROR o.a.c.c.C.[.[.[.[dispatcherServlet] - "Servlet.service() for servlet [dispatcherServlet] in context with path [] threw exception [Request processing failed; nested exception is java.lang.Exception: getReservePlanCount error!] with root cause"
java.lang.Exception: getReservePlanCount error!
	at com.buptiot.controller.ReservePlanController.getAllReservePlan(ReservePlanController.java:129)
	at sun.reflect.NativeMethodAccessorImpl.invoke0(Native Method)
	at sun.reflect.NativeMethodAccessorImpl.invoke(NativeMethodAccessorImpl.java:62)
	at sun.reflect.DelegatingMethodAccessorImpl.invoke(DelegatingMethodAccessorImpl.java:43)
	at java.lang.reflect.Method.invoke(Method.java:497)
	at org.springframework.web.method.support.InvocableHandlerMethod.doInvoke(InvocableHandlerMethod.java:209)
	at org.springframework.web.method.support.InvocableHandlerMethod.invokeForRequest(InvocableHandlerMethod.java:136)
	at org.springframework.web.servlet.mvc.method.annotation.ServletInvocableHandlerMethod.invokeAndHandle(ServletInvocableHandlerMethod.java:102)
	at org.springframework.web.servlet.mvc.method.annotation.RequestMappingHandlerAdapter.invokeHandlerMethod(RequestMappingHandlerAdapter.java:891)
	at org.springframework.web.servlet.mvc.method.annotation.RequestMappingHandlerAdapter.handleInternal(RequestMappingHandlerAdapter.java:797)
	at org.springframework.web.servlet.mvc.method.AbstractHandlerMethodAdapter.handle(AbstractHandlerMethodAdapter.java:87)
	at org.springframework.web.servlet.DispatcherServlet.doDispatch(DispatcherServlet.java:991)
	at org.springframework.web.servlet.DispatcherServlet.doService(DispatcherServlet.java:925)
	at org.springframework.web.servlet.FrameworkServlet.processRequest(FrameworkServlet.java:974)
	at org.springframework.web.servlet.FrameworkServlet.doGet(FrameworkServlet.java:866)
	at javax.servlet.http.HttpServlet.service(HttpServlet.java:635)
	at org.springframework.web.servlet.FrameworkServlet.service(FrameworkServlet.java:851)
	at javax.servlet.http.HttpServlet.service(HttpServlet.java:742)
	at org.apache.catalina.core.ApplicationFilterChain.internalDoFilter(ApplicationFilterChain.java:231)
	at org.apache.catalina.core.ApplicationFilterChain.doFilter(ApplicationFilterChain.java:166)
	at org.apache.tomcat.websocket.server.WsFilter.doFilter(WsFilter.java:52)
	at org.apache.catalina.core.ApplicationFilterChain.internalDoFilter(ApplicationFilterChain.java:193)
	at org.apache.catalina.core.ApplicationFilterChain.doFilter(ApplicationFilterChain.java:166)
	at org.springframework.web.filter.RequestContextFilter.doFilterInternal(RequestContextFilter.java:99)
	at org.springframework.web.filter.OncePerRequestFilter.doFilter(OncePerRequestFilter.java:107)
	at org.apache.catalina.core.ApplicationFilterChain.internalDoFilter(ApplicationFilterChain.java:193)
	at org.apache.catalina.core.ApplicationFilterChain.doFilter(ApplicationFilterChain.java:166)
	at org.springframework.web.filter.HttpPutFormContentFilter.doFilterInternal(HttpPutFormContentFilter.java:109)
	at org.springframework.web.filter.OncePerRequestFilter.doFilter(OncePerRequestFilter.java:107)
	at org.apache.catalina.core.ApplicationFilterChain.internalDoFilter(ApplicationFilterChain.java:193)
	at org.apache.catalina.core.ApplicationFilterChain.doFilter(ApplicationFilterChain.java:166)
	at org.springframework.web.filter.HiddenHttpMethodFilter.doFilterInternal(HiddenHttpMethodFilter.java:81)
	at org.springframework.web.filter.OncePerRequestFilter.doFilter(OncePerRequestFilter.java:107)
	at org.apache.catalina.core.ApplicationFilterChain.internalDoFilter(ApplicationFilterChain.java:193)
	at org.apache.catalina.core.ApplicationFilterChain.doFilter(ApplicationFilterChain.java:166)
	at org.springframework.web.filter.CharacterEncodingFilter.doFilterInternal(CharacterEncodingFilter.java:200)
	at org.springframework.web.filter.OncePerRequestFilter.doFilter(OncePerRequestFilter.java:107)
	at org.apache.catalina.core.ApplicationFilterChain.internalDoFilter(ApplicationFilterChain.java:193)
	at org.apache.catalina.core.ApplicationFilterChain.doFilter(ApplicationFilterChain.java:166)
	at org.apache.catalina.core.StandardWrapperValve.invoke(StandardWrapperValve.java:198)
	at org.apache.catalina.core.StandardContextValve.invoke(StandardContextValve.java:96)
	at org.apache.catalina.authenticator.AuthenticatorBase.invoke(AuthenticatorBase.java:493)
	at org.apache.catalina.core.StandardHostValve.invoke(StandardHostValve.java:140)
	at org.apache.catalina.valves.ErrorReportValve.invoke(ErrorReportValve.java:81)
	at org.apache.catalina.core.StandardEngineValve.invoke(StandardEngineValve.java:87)
	at org.apache.catalina.connector.CoyoteAdapter.service(CoyoteAdapter.java:342)
	at org.apache.coyote.http11.Http11Processor.service(Http11Processor.java:800)
	at org.apache.coyote.AbstractProcessorLight.process(AbstractProcessorLight.java:66)
	at org.apache.coyote.AbstractProtocol$ConnectionHandler.process(AbstractProtocol.java:806)
	at org.apache.tomcat.util.net.NioEndpoint$SocketProcessor.doRun(NioEndpoint.java:1498)
	at org.apache.tomcat.util.net.SocketProcessorBase.run(SocketProcessorBase.java:49)
	at java.util.concurrent.ThreadPoolExecutor.runWorker(ThreadPoolExecutor.java:1142)
	at java.util.concurrent.ThreadPoolExecutor$Worker.run(ThreadPoolExecutor.java:617)
	at org.apache.tomcat.util.threads.TaskThread$WrappingRunnable.run(TaskThread.java:61)
	at java.lang.Thread.run(Thread.java:745)
2018-12-05 16:14:49 [http-nio-8086-exec-3] WARN  o.s.w.s.m.s.DefaultHandlerExceptionResolver - "Resolved [org.springframework.web.HttpMediaTypeNotAcceptableException: Could not find acceptable representation]"
2018-12-05 16:16:24 [main] INFO  com.buptiot.OasysApplication - "Starting OasysApplication on zyf-PC with PID 12044 (F:\github\oasys\target\classes started by zyf in F:\github\oasys)"
2018-12-05 16:16:24 [main] INFO  com.buptiot.OasysApplication - "The following profiles are active: application"
2018-12-05 16:16:24 [main] INFO  o.s.b.w.s.c.AnnotationConfigServletWebServerApplicationContext - "Refreshing org.springframework.boot.web.servlet.context.AnnotationConfigServletWebServerApplicationContext@206a70ef: startup date [Wed Dec 05 16:16:24 CST 2018]; root of context hierarchy"
2018-12-05 16:16:28 [main] INFO  o.s.b.w.e.tomcat.TomcatWebServer - "Tomcat initialized with port(s): 8086 (http)"
2018-12-05 16:16:28 [main] INFO  o.a.coyote.http11.Http11NioProtocol - "Initializing ProtocolHandler ["http-nio-8086"]"
2018-12-05 16:16:28 [main] INFO  o.a.catalina.core.StandardService - "Starting service [Tomcat]"
2018-12-05 16:16:28 [main] INFO  o.a.catalina.core.StandardEngine - "Starting Servlet Engine: Apache Tomcat/8.5.34"
2018-12-05 16:16:28 [localhost-startStop-1] INFO  o.a.c.core.AprLifecycleListener - "The APR based Apache Tomcat Native library which allows optimal performance in production environments was not found on the java.library.path: [E:\java\jdk\bin;C:\Windows\Sun\Java\bin;C:\Windows\system32;C:\Windows;E:\java\jdk\bin;E:\java\jdk\jre\bin;C:\ProgramData\Oracle\Java\javapath;C:\Windows\system32;C:\Windows;C:\Windows\System32\Wbem;C:\Windows\System32\WindowsPowerShell\v1.0\;C:\Program Files (x86)\ATI Technologies\ATI.ACE\Core-Static;E:\Matlab2010A\runtime\win64;E:\Matlab2010A\bin;C:\Program Files (x86)\Microsoft SQL Server\90\Tools\binn\;C:\Program Files\Microsoft SQL Server\90\DTS\Binn\;C:\Program Files\Microsoft SQL Server\90\Tools\binn\;C:\Program Files (x86)\Microsoft SQL Server\80\Tools\Binn\;C:\Program Files (x86)\Windows Kits\8.1\Windows Performance Toolkit\;C:\Program Files\Microsoft SQL Server\110\Tools\Binn\;C:\Program Files (x86)\Microsoft SDKs\TypeScript\1.0\;C:\Program Files\Microsoft SQL Server\120\Tools\Binn\;e:\quartus\quartus\bin;E:\apache-maven-3.5.0\bin;E:\Git\cmd;E:\nodejs\;C:\Program Files\MySQL\MySQL Utilities 1.6\;E:\SQLlite;E:\Python\Python37;E:\Python\Python37\Scripts;C:\Users\zyf\AppData\Roaming\npm;.]"
2018-12-05 16:16:28 [localhost-startStop-1] INFO  o.a.c.c.C.[Tomcat].[localhost].[/] - "Initializing Spring embedded WebApplicationContext"
2018-12-05 16:16:28 [localhost-startStop-1] INFO  o.s.web.context.ContextLoader - "Root WebApplicationContext: initialization completed in 4318 ms"
2018-12-05 16:16:28 [localhost-startStop-1] INFO  o.s.b.w.s.ServletRegistrationBean - "Servlet dispatcherServlet mapped to [/]"
2018-12-05 16:16:28 [localhost-startStop-1] INFO  o.s.b.w.s.FilterRegistrationBean - "Mapping filter: 'characterEncodingFilter' to: [/*]"
2018-12-05 16:16:28 [localhost-startStop-1] INFO  o.s.b.w.s.FilterRegistrationBean - "Mapping filter: 'hiddenHttpMethodFilter' to: [/*]"
2018-12-05 16:16:28 [localhost-startStop-1] INFO  o.s.b.w.s.FilterRegistrationBean - "Mapping filter: 'httpPutFormContentFilter' to: [/*]"
2018-12-05 16:16:28 [localhost-startStop-1] INFO  o.s.b.w.s.FilterRegistrationBean - "Mapping filter: 'requestContextFilter' to: [/*]"
2018-12-05 16:16:29 [main] INFO  o.s.w.s.h.SimpleUrlHandlerMapping - "Mapped URL path [/**/favicon.ico] onto handler of type [class org.springframework.web.servlet.resource.ResourceHttpRequestHandler]"
2018-12-05 16:16:29 [main] INFO  o.s.w.s.m.m.a.RequestMappingHandlerAdapter - "Looking for @ControllerAdvice: org.springframework.boot.web.servlet.context.AnnotationConfigServletWebServerApplicationContext@206a70ef: startup date [Wed Dec 05 16:16:24 CST 2018]; root of context hierarchy"
2018-12-05 16:16:29 [main] INFO  o.s.w.s.m.m.a.RequestMappingHandlerMapping - "Mapped "{[/api/v1/info/accessByPage],methods=[GET],params=[limit && page],produces=[text/html;charset=UTF-8]}" onto public java.lang.String com.buptiot.controller.AccessController.getAccessByPage(int,int) throws java.lang.Exception"
2018-12-05 16:16:29 [main] INFO  o.s.w.s.m.m.a.RequestMappingHandlerMapping - "Mapped "{[/api/v1/info/accessCount],methods=[GET]}" onto public java.lang.Integer com.buptiot.controller.AccessController.getAccessCount() throws java.lang.Exception"
2018-12-05 16:16:29 [main] INFO  o.s.w.s.m.m.a.RequestMappingHandlerMapping - "Mapped "{[/api/v1/info/accessPages],methods=[GET],params=[limit]}" onto public java.lang.Integer com.buptiot.controller.AccessController.getAccessPages(int) throws java.lang.Exception"
2018-12-05 16:16:29 [main] INFO  o.s.w.s.m.m.a.RequestMappingHandlerMapping - "Mapped "{[/api/v1/info/access],methods=[POST],produces=[text/html;charset=UTF-8]}" onto public java.lang.String com.buptiot.controller.AccessController.createAccess(java.lang.String) throws java.lang.Exception"
2018-12-05 16:16:29 [main] INFO  o.s.w.s.m.m.a.RequestMappingHandlerMapping - "Mapped "{[/api/v1/info/access],methods=[PUT],produces=[text/html;charset=UTF-8]}" onto public java.lang.String com.buptiot.controller.AccessController.updateAccess(java.lang.String) throws java.lang.Exception"
2018-12-05 16:16:29 [main] INFO  o.s.w.s.m.m.a.RequestMappingHandlerMapping - "Mapped "{[/api/v1/info/access],methods=[GET],produces=[text/html;charset=UTF-8]}" onto public java.lang.String com.buptiot.controller.AccessController.getAllAccess() throws java.lang.Exception"
2018-12-05 16:16:29 [main] INFO  o.s.w.s.m.m.a.RequestMappingHandlerMapping - "Mapped "{[/api/v1/info/accessByAccessId],methods=[GET],params=[accessId],produces=[text/html;charset=UTF-8]}" onto public java.lang.String com.buptiot.controller.AccessController.getAccessByAccessId(java.lang.Integer) throws java.lang.Exception"
2018-12-05 16:16:29 [main] INFO  o.s.w.s.m.m.a.RequestMappingHandlerMapping - "Mapped "{[/api/v1/info/accessByAccessId],methods=[DELETE],params=[accessId]}" onto public void com.buptiot.controller.AccessController.deleteAccessByAccessId(java.lang.Integer)"
2018-12-05 16:16:29 [main] INFO  o.s.w.s.m.m.a.RequestMappingHandlerMapping - "Mapped "{[/api/v1/info/accessByUserId],methods=[GET],params=[Id],produces=[text/html;charset=UTF-8]}" onto public java.lang.String com.buptiot.controller.AccessController.getAccessByUserId(java.lang.Integer) throws java.lang.Exception"
2018-12-05 16:16:29 [main] INFO  o.s.w.s.m.m.a.RequestMappingHandlerMapping - "Mapped "{[/api/v1/info/accessByRoleId],methods=[GET],params=[roleId],produces=[text/html;charset=UTF-8]}" onto public java.lang.String com.buptiot.controller.AccessController.getAccessByRoleId(java.lang.Integer) throws java.lang.Exception"
2018-12-05 16:16:29 [main] INFO  o.s.w.s.m.m.a.RequestMappingHandlerMapping - "Mapped "{[/api/v1/info/reservePlanByPage],methods=[GET],params=[limit && page],produces=[text/html;charset=UTF-8]}" onto public java.lang.String com.buptiot.controller.ReservePlanController.getReservePlanByPage(int,int) throws java.lang.Exception"
2018-12-05 16:16:29 [main] INFO  o.s.w.s.m.m.a.RequestMappingHandlerMapping - "Mapped "{[/api/v1/info/reservePlanPages],methods=[GET],params=[limit]}" onto public java.lang.Integer com.buptiot.controller.ReservePlanController.getReservePlanPages(int) throws java.lang.Exception"
2018-12-05 16:16:29 [main] INFO  o.s.w.s.m.m.a.RequestMappingHandlerMapping - "Mapped "{[/api/v1/info/reservePlanById],methods=[GET],params=[Id],produces=[text/html;charset=UTF-8]}" onto public java.lang.String com.buptiot.controller.ReservePlanController.getReservePlanById(java.lang.Integer) throws java.lang.Exception"
2018-12-05 16:16:29 [main] INFO  o.s.w.s.m.m.a.RequestMappingHandlerMapping - "Mapped "{[/api/v1/info/reservePlanCount],methods=[GET]}" onto public java.lang.Integer com.buptiot.controller.ReservePlanController.getReservePlanCount() throws java.lang.Exception"
2018-12-05 16:16:29 [main] INFO  o.s.w.s.m.m.a.RequestMappingHandlerMapping - "Mapped "{[/api/v1/info/reservePlan],methods=[POST],produces=[text/html;charset=UTF-8]}" onto public java.lang.String com.buptiot.controller.ReservePlanController.createReservePlan(java.lang.String) throws java.lang.Exception"
2018-12-05 16:16:30 [main] INFO  o.s.w.s.m.m.a.RequestMappingHandlerMapping - "Mapped "{[/api/v1/info/reservePlan],methods=[PUT],produces=[text/html;charset=UTF-8]}" onto public java.lang.String com.buptiot.controller.ReservePlanController.updateReservePlan(java.lang.String) throws java.lang.Exception"
2018-12-05 16:16:30 [main] INFO  o.s.w.s.m.m.a.RequestMappingHandlerMapping - "Mapped "{[/api/v1/info/reservePlanById],methods=[DELETE],params=[Id]}" onto public void com.buptiot.controller.ReservePlanController.deleteReservePlanById(java.lang.Integer)"
2018-12-05 16:16:30 [main] INFO  o.s.w.s.m.m.a.RequestMappingHandlerMapping - "Mapped "{[/api/v1/info/reservePlan],methods=[GET],produces=[text/html;charset=UTF-8]}" onto public java.lang.String com.buptiot.controller.ReservePlanController.getAllReservePlan() throws java.lang.Exception"
2018-12-05 16:16:30 [main] INFO  o.s.w.s.m.m.a.RequestMappingHandlerMapping - "Mapped "{[/api/v1/info/roleByPage],methods=[GET],params=[limit && page],produces=[text/html;charset=UTF-8]}" onto public java.lang.String com.buptiot.controller.RoleController.getRoleByPage(int,int) throws java.lang.Exception"
2018-12-05 16:16:30 [main] INFO  o.s.w.s.m.m.a.RequestMappingHandlerMapping - "Mapped "{[/api/v1/info/rolePages],methods=[GET],params=[limit]}" onto public java.lang.Integer com.buptiot.controller.RoleController.getRolePages(int) throws java.lang.Exception"
2018-12-05 16:16:30 [main] INFO  o.s.w.s.m.m.a.RequestMappingHandlerMapping - "Mapped "{[/api/v1/info/roleByRoleId],methods=[GET],params=[roleId],produces=[text/html;charset=UTF-8]}" onto public java.lang.String com.buptiot.controller.RoleController.getRoleByRoleId(java.lang.Integer) throws java.lang.Exception"
2018-12-05 16:16:30 [main] INFO  o.s.w.s.m.m.a.RequestMappingHandlerMapping - "Mapped "{[/api/v1/info/roleCount],methods=[GET]}" onto public java.lang.Integer com.buptiot.controller.RoleController.getRoleCount() throws java.lang.Exception"
2018-12-05 16:16:30 [main] INFO  o.s.w.s.m.m.a.RequestMappingHandlerMapping - "Mapped "{[/api/v1/info/role],methods=[POST],produces=[text/html;charset=UTF-8]}" onto public java.lang.String com.buptiot.controller.RoleController.createRole(java.lang.String) throws java.lang.Exception"
2018-12-05 16:16:30 [main] INFO  o.s.w.s.m.m.a.RequestMappingHandlerMapping - "Mapped "{[/api/v1/info/role],methods=[PUT],produces=[text/html;charset=UTF-8]}" onto public java.lang.String com.buptiot.controller.RoleController.updateRole(java.lang.String) throws java.lang.Exception"
2018-12-05 16:16:30 [main] INFO  o.s.w.s.m.m.a.RequestMappingHandlerMapping - "Mapped "{[/api/v1/info/role],methods=[GET],produces=[text/html;charset=UTF-8]}" onto public java.lang.String com.buptiot.controller.RoleController.getAllRole() throws java.lang.Exception"
2018-12-05 16:16:30 [main] INFO  o.s.w.s.m.m.a.RequestMappingHandlerMapping - "Mapped "{[/api/v1/info/roleByUserId],methods=[GET],params=[Id],produces=[text/html;charset=UTF-8]}" onto public java.lang.String com.buptiot.controller.RoleController.getRoleByUserId(java.lang.Integer) throws java.lang.Exception"
2018-12-05 16:16:30 [main] INFO  o.s.w.s.m.m.a.RequestMappingHandlerMapping - "Mapped "{[/api/v1/info/roleByRoleId],methods=[DELETE],params=[roleId]}" onto public void com.buptiot.controller.RoleController.deleteRoleByRoleId(java.lang.Integer)"
2018-12-05 16:16:30 [main] INFO  o.s.w.s.m.m.a.RequestMappingHandlerMapping - "Mapped "{[/api/v1/info/roleByAccessId],methods=[GET],params=[accessId],produces=[text/html;charset=UTF-8]}" onto public java.lang.String com.buptiot.controller.RoleController.getRoleByAccessId(java.lang.Integer) throws java.lang.Exception"
2018-12-05 16:16:30 [main] INFO  o.s.w.s.m.m.a.RequestMappingHandlerMapping - "Mapped "{[/api/v1/info/travelByPage],methods=[GET],params=[limit && page],produces=[text/html;charset=UTF-8]}" onto public java.lang.String com.buptiot.controller.TravelController.getTravelByPage(int,int) throws java.lang.Exception"
2018-12-05 16:16:30 [main] INFO  o.s.w.s.m.m.a.RequestMappingHandlerMapping - "Mapped "{[/api/v1/info/travelPages],methods=[GET],params=[limit]}" onto public java.lang.Integer com.buptiot.controller.TravelController.getTravelPages(int) throws java.lang.Exception"
2018-12-05 16:16:30 [main] INFO  o.s.w.s.m.m.a.RequestMappingHandlerMapping - "Mapped "{[/api/v1/info/travelByDate],methods=[GET],params=[Date],produces=[text/html;charset=UTF-8]}" onto public java.lang.String com.buptiot.controller.TravelController.getTravelByDate(java.lang.Long) throws java.lang.Exception"
2018-12-05 16:16:30 [main] INFO  o.s.w.s.m.m.a.RequestMappingHandlerMapping - "Mapped "{[/api/v1/info/travelCount],methods=[GET]}" onto public java.lang.Integer com.buptiot.controller.TravelController.getTravelCount() throws java.lang.Exception"
2018-12-05 16:16:30 [main] INFO  o.s.w.s.m.m.a.RequestMappingHandlerMapping - "Mapped "{[/api/v1/info/travel],methods=[POST],produces=[text/html;charset=UTF-8]}" onto public java.lang.String com.buptiot.controller.TravelController.createTravel(java.lang.String) throws java.lang.Exception"
2018-12-05 16:16:30 [main] INFO  o.s.w.s.m.m.a.RequestMappingHandlerMapping - "Mapped "{[/api/v1/info/travel],methods=[PUT],produces=[text/html;charset=UTF-8]}" onto public java.lang.String com.buptiot.controller.TravelController.updateTravel(java.lang.String) throws java.lang.Exception"
2018-12-05 16:16:30 [main] INFO  o.s.w.s.m.m.a.RequestMappingHandlerMapping - "Mapped "{[/api/v1/info/travel],methods=[GET],produces=[text/html;charset=UTF-8]}" onto public java.lang.String com.buptiot.controller.TravelController.getAllTravel() throws java.lang.Exception"
2018-12-05 16:16:30 [main] INFO  o.s.w.s.m.m.a.RequestMappingHandlerMapping - "Mapped "{[/api/v1/info/travelByTravelId],methods=[GET],params=[travelId],produces=[text/html;charset=UTF-8]}" onto public java.lang.String com.buptiot.controller.TravelController.getTravelByTravelId(java.lang.Integer) throws java.lang.Exception"
2018-12-05 16:16:30 [main] INFO  o.s.w.s.m.m.a.RequestMappingHandlerMapping - "Mapped "{[/api/v1/info/travelByTravelId],methods=[DELETE],params=[travelId]}" onto public void com.buptiot.controller.TravelController.deleteTravelByTravelId(java.lang.Integer)"
2018-12-05 16:16:30 [main] INFO  o.s.w.s.m.m.a.RequestMappingHandlerMapping - "Mapped "{[/api/v1/info/travelByDate],methods=[DELETE],params=[date]}" onto public void com.buptiot.controller.TravelController.deleteTravelByDate(java.lang.Long)"
2018-12-05 16:16:30 [main] INFO  o.s.w.s.m.m.a.RequestMappingHandlerMapping - "Mapped "{[/api/v1/info/userInfoById],methods=[GET],params=[Id],produces=[text/html;charset=UTF-8]}" onto public java.lang.String com.buptiot.controller.UserInfoController.getUserInfoById(java.lang.Integer) throws java.lang.Exception"
2018-12-05 16:16:30 [main] INFO  o.s.w.s.m.m.a.RequestMappingHandlerMapping - "Mapped "{[/api/v1/info/userInfoPages],methods=[GET],params=[limit]}" onto public java.lang.Integer com.buptiot.controller.UserInfoController.getUserInfoPages(int) throws java.lang.Exception"
2018-12-05 16:16:30 [main] INFO  o.s.w.s.m.m.a.RequestMappingHandlerMapping - "Mapped "{[/api/v1/info/userInfoCount],methods=[GET]}" onto public java.lang.Integer com.buptiot.controller.UserInfoController.getUserInfoCount() throws java.lang.Exception"
2018-12-05 16:16:30 [main] INFO  o.s.w.s.m.m.a.RequestMappingHandlerMapping - "Mapped "{[/api/v1/info/userInfo],methods=[POST],produces=[text/html;charset=UTF-8]}" onto public java.lang.String com.buptiot.controller.UserInfoController.createUserInfo(java.lang.String) throws java.lang.Exception"
2018-12-05 16:16:30 [main] INFO  o.s.w.s.m.m.a.RequestMappingHandlerMapping - "Mapped "{[/api/v1/info/userInfo],methods=[PUT],produces=[text/html;charset=UTF-8]}" onto public java.lang.String com.buptiot.controller.UserInfoController.updateUserInfo(java.lang.String) throws java.lang.Exception"
2018-12-05 16:16:30 [main] INFO  o.s.w.s.m.m.a.RequestMappingHandlerMapping - "Mapped "{[/api/v1/info/userInfo],methods=[GET],produces=[text/html;charset=UTF-8]}" onto public java.lang.String com.buptiot.controller.UserInfoController.getAllUserInfo() throws java.lang.Exception"
2018-12-05 16:16:30 [main] INFO  o.s.w.s.m.m.a.RequestMappingHandlerMapping - "Mapped "{[/api/v1/info/userInfoByPage],methods=[GET],params=[limit && page],produces=[text/html;charset=UTF-8]}" onto public java.lang.String com.buptiot.controller.UserInfoController.getUserInfoByPage(int,int) throws java.lang.Exception"
2018-12-05 16:16:30 [main] INFO  o.s.w.s.m.m.a.RequestMappingHandlerMapping - "Mapped "{[/api/v1/info/userInfoById],methods=[DELETE],params=[Id]}" onto public void com.buptiot.controller.UserInfoController.deleteUserInfoById(java.lang.Integer)"
2018-12-05 16:16:30 [main] INFO  o.s.w.s.m.m.a.RequestMappingHandlerMapping - "Mapped "{[/api/v1/info/userInfoByRoleId],methods=[GET],params=[roleId],produces=[text/html;charset=UTF-8]}" onto public java.lang.String com.buptiot.controller.UserInfoController.getUserInfoByRoleId(java.lang.Integer) throws java.lang.Exception"
2018-12-05 16:16:30 [main] INFO  o.s.w.s.m.m.a.RequestMappingHandlerMapping - "Mapped "{[/api/v1/info/userInfoByAccessId],methods=[GET],params=[accessId],produces=[text/html;charset=UTF-8]}" onto public java.lang.String com.buptiot.controller.UserInfoController.getUserInfoByAccessId(java.lang.Integer) throws java.lang.Exception"
2018-12-05 16:16:30 [main] INFO  o.s.w.s.m.m.a.RequestMappingHandlerMapping - "Mapped "{[/error]}" onto public org.springframework.http.ResponseEntity<java.util.Map<java.lang.String, java.lang.Object>> org.springframework.boot.autoconfigure.web.servlet.error.BasicErrorController.error(javax.servlet.http.HttpServletRequest)"
2018-12-05 16:16:30 [main] INFO  o.s.w.s.m.m.a.RequestMappingHandlerMapping - "Mapped "{[/error],produces=[text/html]}" onto public org.springframework.web.servlet.ModelAndView org.springframework.boot.autoconfigure.web.servlet.error.BasicErrorController.errorHtml(javax.servlet.http.HttpServletRequest,javax.servlet.http.HttpServletResponse)"
2018-12-05 16:16:30 [main] INFO  o.s.w.s.h.SimpleUrlHandlerMapping - "Mapped URL path [/webjars/**] onto handler of type [class org.springframework.web.servlet.resource.ResourceHttpRequestHandler]"
2018-12-05 16:16:30 [main] INFO  o.s.w.s.h.SimpleUrlHandlerMapping - "Mapped URL path [/**] onto handler of type [class org.springframework.web.servlet.resource.ResourceHttpRequestHandler]"
2018-12-05 16:16:30 [main] INFO  o.s.j.e.a.AnnotationMBeanExporter - "Registering beans for JMX exposure on startup"
2018-12-05 16:16:30 [main] INFO  o.s.j.e.a.AnnotationMBeanExporter - "Bean with name 'dataSource' has been autodetected for JMX exposure"
2018-12-05 16:16:30 [main] INFO  o.s.j.e.a.AnnotationMBeanExporter - "Located MBean 'dataSource': registering with JMX server as MBean [com.zaxxer.hikari:name=dataSource,type=HikariDataSource]"
2018-12-05 16:16:30 [main] INFO  o.a.coyote.http11.Http11NioProtocol - "Starting ProtocolHandler ["http-nio-8086"]"
2018-12-05 16:16:30 [main] INFO  o.a.tomcat.util.net.NioSelectorPool - "Using a shared selector for servlet write/read"
2018-12-05 16:16:30 [main] INFO  o.s.b.w.e.tomcat.TomcatWebServer - "Tomcat started on port(s): 8086 (http) with context path ''"
2018-12-05 16:16:30 [main] INFO  com.buptiot.OasysApplication - "Started OasysApplication in 7.935 seconds (JVM running for 9.346)"
2018-12-05 16:16:39 [http-nio-8086-exec-2] INFO  o.a.c.c.C.[Tomcat].[localhost].[/] - "Initializing Spring FrameworkServlet 'dispatcherServlet'"
2018-12-05 16:16:39 [http-nio-8086-exec-2] INFO  o.s.web.servlet.DispatcherServlet - "FrameworkServlet 'dispatcherServlet': initialization started"
2018-12-05 16:16:39 [http-nio-8086-exec-2] INFO  o.s.web.servlet.DispatcherServlet - "FrameworkServlet 'dispatcherServlet': initialization completed in 46 ms"
2018-12-05 16:16:39 [http-nio-8086-exec-2] INFO  com.zaxxer.hikari.HikariDataSource - "HikariPool-1 - Starting..."
2018-12-05 16:16:40 [http-nio-8086-exec-2] INFO  com.zaxxer.hikari.HikariDataSource - "HikariPool-1 - Start completed."
