2019-01-18 10:52:14 [main] INFO  com.buptiot.OasysApplication - "Starting OasysApplication on zyf-PC with PID 6884 (F:\github\oasys\target\classes started by zyf in F:\github\oasys)"
2019-01-18 10:52:14 [main] INFO  com.buptiot.OasysApplication - "The following profiles are active: application"
2019-01-18 10:52:14 [main] INFO  o.s.b.w.s.c.AnnotationConfigServletWebServerApplicationContext - "Refreshing org.springframework.boot.web.servlet.context.AnnotationConfigServletWebServerApplicationContext@7dcf94f8: startup date [Fri Jan 18 10:52:14 CST 2019]; root of context hierarchy"
2019-01-18 10:52:19 [main] INFO  o.s.c.s.PostProcessorRegistrationDelegate$BeanPostProcessorChecker - "Bean 'shiroConfiguration' of type [com.buptiot.config.ShiroConfiguration$$EnhancerBySpringCGLIB$$6f872be7] is not eligible for getting processed by all BeanPostProcessors (for example: not eligible for auto-proxying)"
2019-01-18 10:52:19 [main] INFO  o.s.c.s.PostProcessorRegistrationDelegate$BeanPostProcessorChecker - "Bean 'credentialsMatcher' of type [com.buptiot.config.CredentialsMatcher] is not eligible for getting processed by all BeanPostProcessors (for example: not eligible for auto-proxying)"
2019-01-18 10:52:19 [main] INFO  o.a.shiro.realm.AuthorizingRealm - "No cache or cacheManager properties have been set.  Authorization cache cannot be obtained."
2019-01-18 10:52:19 [main] INFO  o.s.c.s.PostProcessorRegistrationDelegate$BeanPostProcessorChecker - "Bean 'authRealm' of type [com.buptiot.config.AuthRealm] is not eligible for getting processed by all BeanPostProcessors (for example: not eligible for auto-proxying)"
2019-01-18 10:52:19 [main] INFO  o.s.c.s.PostProcessorRegistrationDelegate$BeanPostProcessorChecker - "Bean 'securityManager' of type [org.apache.shiro.web.mgt.DefaultWebSecurityManager] is not eligible for getting processed by all BeanPostProcessors (for example: not eligible for auto-proxying)"
2019-01-18 10:52:19 [main] INFO  o.s.c.s.PostProcessorRegistrationDelegate$BeanPostProcessorChecker - "Bean 'org.springframework.transaction.annotation.ProxyTransactionManagementConfiguration' of type [org.springframework.transaction.annotation.ProxyTransactionManagementConfiguration$$EnhancerBySpringCGLIB$$a0bbf455] is not eligible for getting processed by all BeanPostProcessors (for example: not eligible for auto-proxying)"
2019-01-18 10:52:19 [main] INFO  o.s.c.s.PostProcessorRegistrationDelegate$BeanPostProcessorChecker - "Bean 'authorizationAttributeSourceAdvisor' of type [org.apache.shiro.spring.security.interceptor.AuthorizationAttributeSourceAdvisor] is not eligible for getting processed by all BeanPostProcessors (for example: not eligible for auto-proxying)"
2019-01-18 10:52:22 [main] INFO  o.s.b.w.e.tomcat.TomcatWebServer - "Tomcat initialized with port(s): 8086 (http)"
2019-01-18 10:52:22 [main] INFO  o.a.coyote.http11.Http11NioProtocol - "Initializing ProtocolHandler ["http-nio-8086"]"
2019-01-18 10:52:22 [main] INFO  o.a.catalina.core.StandardService - "Starting service [Tomcat]"
2019-01-18 10:52:22 [main] INFO  o.a.catalina.core.StandardEngine - "Starting Servlet Engine: Apache Tomcat/8.5.34"
2019-01-18 10:52:22 [localhost-startStop-1] INFO  o.a.c.core.AprLifecycleListener - "The APR based Apache Tomcat Native library which allows optimal performance in production environments was not found on the java.library.path: [E:\java\jdk\bin;C:\Windows\Sun\Java\bin;C:\Windows\system32;C:\Windows;E:\java\jdk\bin;E:\java\jdk\jre\bin;C:\ProgramData\Oracle\Java\javapath;C:\Windows\system32;C:\Windows;C:\Windows\System32\Wbem;C:\Windows\System32\WindowsPowerShell\v1.0\;C:\Program Files (x86)\ATI Technologies\ATI.ACE\Core-Static;E:\Matlab2010A\runtime\win64;E:\Matlab2010A\bin;C:\Program Files (x86)\Microsoft SQL Server\90\Tools\binn\;C:\Program Files\Microsoft SQL Server\90\DTS\Binn\;C:\Program Files\Microsoft SQL Server\90\Tools\binn\;C:\Program Files (x86)\Microsoft SQL Server\80\Tools\Binn\;C:\Program Files (x86)\Windows Kits\8.1\Windows Performance Toolkit\;C:\Program Files\Microsoft SQL Server\110\Tools\Binn\;C:\Program Files (x86)\Microsoft SDKs\TypeScript\1.0\;C:\Program Files\Microsoft SQL Server\120\Tools\Binn\;e:\quartus\quartus\bin;E:\apache-maven-3.5.0\bin;E:\Git\cmd;E:\nodejs\;C:\Program Files\MySQL\MySQL Utilities 1.6\;E:\SQLlite;E:\Python\Python37;E:\Python\Python37\Scripts;C:\Users\zyf\AppData\Roaming\npm;.]"
2019-01-18 10:52:22 [localhost-startStop-1] INFO  o.a.c.c.C.[Tomcat].[localhost].[/] - "Initializing Spring embedded WebApplicationContext"
2019-01-18 10:52:22 [localhost-startStop-1] INFO  o.s.web.context.ContextLoader - "Root WebApplicationContext: initialization completed in 8073 ms"
2019-01-18 10:52:23 [localhost-startStop-1] INFO  o.s.b.w.s.ServletRegistrationBean - "Servlet dispatcherServlet mapped to [/]"
2019-01-18 10:52:23 [localhost-startStop-1] INFO  o.s.b.w.s.FilterRegistrationBean - "Mapping filter: 'characterEncodingFilter' to: [/*]"
2019-01-18 10:52:23 [localhost-startStop-1] INFO  o.s.b.w.s.FilterRegistrationBean - "Mapping filter: 'hiddenHttpMethodFilter' to: [/*]"
2019-01-18 10:52:23 [localhost-startStop-1] INFO  o.s.b.w.s.FilterRegistrationBean - "Mapping filter: 'httpPutFormContentFilter' to: [/*]"
2019-01-18 10:52:23 [localhost-startStop-1] INFO  o.s.b.w.s.FilterRegistrationBean - "Mapping filter: 'requestContextFilter' to: [/*]"
2019-01-18 10:52:23 [localhost-startStop-1] INFO  o.s.b.w.s.FilterRegistrationBean - "Mapping filter: 'throughFilter' to: [/*]"
2019-01-18 10:52:23 [localhost-startStop-1] INFO  o.s.b.w.s.FilterRegistrationBean - "Mapping filter: 'shiroFilter' to: [/*]"
2019-01-18 10:52:25 [main] INFO  o.s.w.s.h.SimpleUrlHandlerMapping - "Mapped URL path [/**/favicon.ico] onto handler of type [class org.springframework.web.servlet.resource.ResourceHttpRequestHandler]"
2019-01-18 10:52:25 [main] INFO  o.s.w.s.m.m.a.RequestMappingHandlerAdapter - "Looking for @ControllerAdvice: org.springframework.boot.web.servlet.context.AnnotationConfigServletWebServerApplicationContext@7dcf94f8: startup date [Fri Jan 18 10:52:14 CST 2019]; root of context hierarchy"
2019-01-18 10:52:26 [main] INFO  o.s.w.s.m.m.a.RequestMappingHandlerMapping - "Mapped "{[/api/v1/info/accessByPage],methods=[GET],params=[limit && page],produces=[text/html;charset=UTF-8]}" onto public java.lang.String com.buptiot.controller.AccessController.getAccessByPage(int,int) throws java.lang.Exception"
2019-01-18 10:52:26 [main] INFO  o.s.w.s.m.m.a.RequestMappingHandlerMapping - "Mapped "{[/api/v1/info/accessPages],methods=[GET],params=[limit]}" onto public java.lang.Integer com.buptiot.controller.AccessController.getAccessPages(int) throws java.lang.Exception"
2019-01-18 10:52:26 [main] INFO  o.s.w.s.m.m.a.RequestMappingHandlerMapping - "Mapped "{[/api/v1/info/accessCount],methods=[GET]}" onto public java.lang.Integer com.buptiot.controller.AccessController.getAccessCount() throws java.lang.Exception"
2019-01-18 10:52:26 [main] INFO  o.s.w.s.m.m.a.RequestMappingHandlerMapping - "Mapped "{[/api/v1/info/access],methods=[POST],produces=[text/html;charset=UTF-8]}" onto public java.lang.String com.buptiot.controller.AccessController.createAccess(java.lang.String) throws java.lang.Exception"
2019-01-18 10:52:26 [main] INFO  o.s.w.s.m.m.a.RequestMappingHandlerMapping - "Mapped "{[/api/v1/info/access],methods=[PUT],produces=[text/html;charset=UTF-8]}" onto public java.lang.String com.buptiot.controller.AccessController.updateAccess(java.lang.String) throws java.lang.Exception"
2019-01-18 10:52:26 [main] INFO  o.s.w.s.m.m.a.RequestMappingHandlerMapping - "Mapped "{[/api/v1/info/access],methods=[GET],produces=[text/html;charset=UTF-8]}" onto public java.lang.String com.buptiot.controller.AccessController.getAllAccess() throws java.lang.Exception"
2019-01-18 10:52:26 [main] INFO  o.s.w.s.m.m.a.RequestMappingHandlerMapping - "Mapped "{[/api/v1/info/accessByAccessId],methods=[GET],params=[accessId],produces=[text/html;charset=UTF-8]}" onto public java.lang.String com.buptiot.controller.AccessController.getAccessByAccessId(java.lang.Integer) throws java.lang.Exception"
2019-01-18 10:52:26 [main] INFO  o.s.w.s.m.m.a.RequestMappingHandlerMapping - "Mapped "{[/api/v1/info/accessByAccessId],methods=[DELETE],params=[accessId]}" onto public void com.buptiot.controller.AccessController.deleteAccessByAccessId(java.lang.Integer)"
2019-01-18 10:52:26 [main] INFO  o.s.w.s.m.m.a.RequestMappingHandlerMapping - "Mapped "{[/api/v1/info/accessByUserId],methods=[GET],params=[Id],produces=[text/html;charset=UTF-8]}" onto public java.lang.String com.buptiot.controller.AccessController.getAccessByUserId(java.lang.Integer) throws java.lang.Exception"
2019-01-18 10:52:26 [main] INFO  o.s.w.s.m.m.a.RequestMappingHandlerMapping - "Mapped "{[/api/v1/info/accessByRoleId],methods=[GET],params=[roleId],produces=[text/html;charset=UTF-8]}" onto public java.lang.String com.buptiot.controller.AccessController.getAccessByRoleId(java.lang.Integer) throws java.lang.Exception"
2019-01-18 10:52:26 [main] INFO  o.s.w.s.m.m.a.RequestMappingHandlerMapping - "Mapped "{[/api/v1/info/delete/{deviceId}],methods=[DELETE],produces=[application/json;charset=UTF-8]}" onto public java.lang.String com.buptiot.controller.DeviceController.delete(java.lang.String)"
2019-01-18 10:52:26 [main] INFO  o.s.w.s.m.m.a.RequestMappingHandlerMapping - "Mapped "{[/api/v1/info/tenant/devicesCount],methods=[GET],produces=[application/json;charset=UTF-8]}" onto public java.lang.String com.buptiot.controller.DeviceController.getDevicesCount()"
2019-01-18 10:52:26 [main] INFO  o.s.w.s.m.m.a.RequestMappingHandlerMapping - "Mapped "{[/api/v1/info/create],methods=[POST],produces=[application/json;charset=UTF-8]}" onto public java.lang.String com.buptiot.controller.DeviceController.createDevice(java.lang.String)"
2019-01-18 10:52:26 [main] INFO  o.s.w.s.m.m.a.RequestMappingHandlerMapping - "Mapped "{[/api/v1/info/name/{deviceId}],methods=[GET],produces=[application/json;charset=UTF-8]}" onto public java.lang.String com.buptiot.controller.DeviceController.finddeviceName(java.lang.String)"
2019-01-18 10:52:26 [main] INFO  o.s.w.s.m.m.a.RequestMappingHandlerMapping - "Mapped "{[/api/v1/info/alldevices],methods=[GET],produces=[application/json;charset=UTF-8]}" onto public java.lang.String com.buptiot.controller.DeviceController.getDevices(int,java.lang.String,java.lang.String,java.lang.String)"
2019-01-18 10:52:26 [main] INFO  o.s.w.s.m.m.a.RequestMappingHandlerMapping - "Mapped "{[/api/v1/info/deleteAllDevices],methods=[DELETE],produces=[application/json;charset=UTF-8]}" onto public java.lang.String com.buptiot.controller.DeviceController.deleteDevices(java.lang.Integer) throws java.lang.Exception"
2019-01-18 10:52:26 [main] INFO  o.s.w.s.m.m.a.RequestMappingHandlerMapping - "Mapped "{[/api/v1/info/devices],methods=[GET],params=[deviceId],produces=[application/json;charset=UTF-8]}" onto public java.lang.String com.buptiot.controller.DeviceController.getDevicesById(java.lang.String)"
2019-01-18 10:52:26 [main] INFO  o.s.w.s.m.m.a.RequestMappingHandlerMapping - "Mapped "{[/api/v1/info/devicesByName],methods=[GET],params=[name],produces=[application/json;charset=UTF-8]}" onto public java.lang.String com.buptiot.controller.DeviceController.getDevicesByName(java.lang.String) throws java.lang.Exception"
2019-01-18 10:52:26 [main] INFO  o.s.w.s.m.m.a.RequestMappingHandlerMapping - "Mapped "{[/api/v1/info/parentDevices/{parentDeviceId}],methods=[GET],produces=[application/json;charset=UTF-8]}" onto public java.lang.String com.buptiot.controller.DeviceController.getParentDevices(java.lang.String,int,java.lang.String,java.lang.String,java.lang.String)"
2019-01-18 10:52:26 [main] INFO  o.s.w.s.m.m.a.RequestMappingHandlerMapping - "Mapped "{[/api/v1/info/token/{deviceId}],methods=[GET],produces=[application/json;charset=UTF-8]}" onto public java.lang.String com.buptiot.controller.DeviceController.getDeviceToken(java.lang.String)"
2019-01-18 10:52:26 [main] INFO  o.s.w.s.m.m.a.RequestMappingHandlerMapping - "Mapped "{[/api/v1/info/status],methods=[POST],produces=[application/json;charset=UTF-8]}" onto public java.lang.String com.buptiot.controller.DeviceController.getDevicesStatus(java.lang.String)"
2019-01-18 10:52:26 [main] INFO  o.s.w.s.m.m.a.RequestMappingHandlerMapping - "Mapped "{[/api/v1/info/customer/devicesCount],methods=[GET],produces=[application/json;charset=UTF-8]}" onto public java.lang.String com.buptiot.controller.DeviceController.getCustomerDevicesCount()"
2019-01-18 10:52:26 [main] INFO  o.s.w.s.m.m.a.RequestMappingHandlerMapping - "Mapped "{[/api/v1/info/tenant/searchCount],methods=[GET],produces=[application/json;charset=UTF-8]}" onto public java.lang.String com.buptiot.controller.DeviceController.getDevicesSearchCount(java.lang.String)"
2019-01-18 10:52:26 [main] INFO  o.s.w.s.m.m.a.RequestMappingHandlerMapping - "Mapped "{[/api/v1/info/customer/searchCount],methods=[GET],produces=[application/json;charset=UTF-8]}" onto public java.lang.String com.buptiot.controller.DeviceController.getCustomerDevicesSearchCount(java.lang.String)"
2019-01-18 10:52:26 [main] INFO  o.s.w.s.m.m.a.RequestMappingHandlerMapping - "Mapped "{[/api/v1/info/updatedevice],methods=[POST],produces=[application/json;charset=UTF-8]}" onto public java.lang.String com.buptiot.controller.DeviceController.updateDeviceCoordinate(java.lang.String)"
2019-01-18 10:52:26 [main] INFO  o.s.w.s.m.m.a.RequestMappingHandlerMapping - "Mapped "{[/api/v1/info/devicesBySiteId],methods=[GET],params=[siteId],produces=[application/json;charset=UTF-8]}" onto public java.lang.String com.buptiot.controller.DeviceController.getDevicesBySiteId(java.lang.Integer,int,java.lang.String,java.lang.String,java.lang.String,java.lang.String) throws java.lang.Exception"
2019-01-18 10:52:26 [main] INFO  o.s.w.s.m.m.a.RequestMappingHandlerMapping - "Mapped "{[/api/v1/info/assign/customer/{deviceId}/{customerId}],methods=[GET],produces=[application/json;charset=UTF-8]}" onto public java.lang.String com.buptiot.controller.DeviceController.assignDeviceToCustomer(java.lang.String,java.lang.Integer)"
2019-01-18 10:52:26 [main] INFO  o.s.w.s.m.m.a.RequestMappingHandlerMapping - "Mapped "{[/api/v1/info/unassign/customer/{deviceId}],methods=[DELETE],produces=[application/json;charset=UTF-8]}" onto public java.lang.String com.buptiot.controller.DeviceController.unAssignDeviceFromCustomer(java.lang.String)"
2019-01-18 10:52:26 [main] INFO  o.s.w.s.m.m.a.RequestMappingHandlerMapping - "Mapped "{[/api/v1/info/unassign/customerDevices/{customerId}],methods=[DELETE]}" onto public java.lang.String com.buptiot.controller.DeviceController.unAssignCustomerDevices(java.lang.String)"
2019-01-18 10:52:26 [main] INFO  o.s.w.s.m.m.a.RequestMappingHandlerMapping - "Mapped "{[/api/v1/info/customerDevices/{customerId}],methods=[GET],produces=[application/json;charset=UTF-8]}" onto public java.lang.String com.buptiot.controller.DeviceController.getCustomerDevices(java.lang.Integer,int,java.lang.String,java.lang.String,java.lang.String)"
2019-01-18 10:52:26 [main] INFO  o.s.w.s.m.m.a.RequestMappingHandlerMapping - "Mapped "{[/api/Token/getToken],methods=[GET || POST]}" onto public java.lang.String com.buptiot.controller.HttpController.getToken(javax.servlet.http.HttpSession)"
2019-01-18 10:52:26 [main] INFO  o.s.w.s.m.m.a.RequestMappingHandlerMapping - "Mapped "{[/api/v1/info/login],methods=[POST]}" onto public java.lang.String com.buptiot.controller.LoginController.login(java.lang.String)"
2019-01-18 10:52:26 [main] INFO  o.s.w.s.m.m.a.RequestMappingHandlerMapping - "Mapped "{[/api/v1/info/logout],methods=[GET]}" onto public java.lang.String com.buptiot.controller.LoginController.logout(javax.servlet.http.HttpServletRequest,javax.servlet.http.HttpServletResponse)"
2019-01-18 10:52:26 [main] INFO  o.s.w.s.m.m.a.RequestMappingHandlerMapping - "Mapped "{[/api/v1/info/changePassword],methods=[PUT]}" onto public java.lang.String com.buptiot.controller.LoginController.changePassword(java.lang.String)"
2019-01-18 10:52:26 [main] INFO  o.s.w.s.m.m.a.RequestMappingHandlerMapping - "Mapped "{[/api/v1/info/refreshToken],methods=[POST]}" onto public java.lang.String com.buptiot.controller.LoginController.refreshToken()"
2019-01-18 10:52:26 [main] INFO  o.s.w.s.m.m.a.RequestMappingHandlerMapping - "Mapped "{[/api/v1/info/authorize/{sessionId}],methods=[GET]}" onto public java.lang.String com.buptiot.controller.LoginController.authorize(java.lang.String)"
2019-01-18 10:52:26 [main] INFO  o.s.w.s.m.m.a.RequestMappingHandlerMapping - "Mapped "{[/api/v1/info/authorize],methods=[GET]}" onto public java.lang.String com.buptiot.controller.LoginController.authorize()"
2019-01-18 10:52:26 [main] INFO  o.s.w.s.m.m.a.RequestMappingHandlerMapping - "Mapped "{[/api/v1/info/planAuditByPage],methods=[GET],params=[limit && page],produces=[text/html;charset=UTF-8]}" onto public java.lang.String com.buptiot.controller.PlanAuditController.getPlanAuditByPage(int,int) throws java.lang.Exception"
2019-01-18 10:52:26 [main] INFO  o.s.w.s.m.m.a.RequestMappingHandlerMapping - "Mapped "{[/api/v1/info/planAuditPages],methods=[GET],params=[limit]}" onto public java.lang.Integer com.buptiot.controller.PlanAuditController.getPlanAuditPages(int) throws java.lang.Exception"
2019-01-18 10:52:26 [main] INFO  o.s.w.s.m.m.a.RequestMappingHandlerMapping - "Mapped "{[/api/v1/info/planAuditCount],methods=[GET]}" onto public java.lang.Integer com.buptiot.controller.PlanAuditController.getPlanAuditCount() throws java.lang.Exception"
2019-01-18 10:52:26 [main] INFO  o.s.w.s.m.m.a.RequestMappingHandlerMapping - "Mapped "{[/api/v1/info/planAuditById],methods=[DELETE],params=[id]}" onto public void com.buptiot.controller.PlanAuditController.deletePlanAuditById(java.lang.Integer)"
2019-01-18 10:52:26 [main] INFO  o.s.w.s.m.m.a.RequestMappingHandlerMapping - "Mapped "{[/api/v1/info/planAudit],methods=[POST],produces=[text/html;charset=UTF-8]}" onto public java.lang.String com.buptiot.controller.PlanAuditController.createPlanAudit(java.lang.String) throws java.lang.Exception"
2019-01-18 10:52:26 [main] INFO  o.s.w.s.m.m.a.RequestMappingHandlerMapping - "Mapped "{[/api/v1/info/planAuditById],methods=[GET],params=[id],produces=[text/html;charset=UTF-8]}" onto public java.lang.String com.buptiot.controller.PlanAuditController.getPlanAuditById(java.lang.Integer) throws java.lang.Exception"
2019-01-18 10:52:26 [main] INFO  o.s.w.s.m.m.a.RequestMappingHandlerMapping - "Mapped "{[/api/v1/info/planAudit],methods=[PUT],produces=[text/html;charset=UTF-8]}" onto public java.lang.String com.buptiot.controller.PlanAuditController.updatePlanAudit(java.lang.String) throws java.lang.Exception"
2019-01-18 10:52:26 [main] INFO  o.s.w.s.m.m.a.RequestMappingHandlerMapping - "Mapped "{[/api/v1/info/planAudit],methods=[GET],produces=[text/html;charset=UTF-8]}" onto public java.lang.String com.buptiot.controller.PlanAuditController.getAllPlanAudit() throws java.lang.Exception"
2019-01-18 10:52:26 [main] INFO  o.s.w.s.m.m.a.RequestMappingHandlerMapping - "Mapped "{[/api/v1/info/reservePlanByPage],methods=[GET],params=[limit && page],produces=[text/html;charset=UTF-8]}" onto public java.lang.String com.buptiot.controller.ReservePlanController.getReservePlanByPage(int,int) throws java.lang.Exception"
2019-01-18 10:52:26 [main] INFO  o.s.w.s.m.m.a.RequestMappingHandlerMapping - "Mapped "{[/api/v1/info/reservePlanPages],methods=[GET],params=[limit]}" onto public java.lang.Integer com.buptiot.controller.ReservePlanController.getReservePlanPages(int) throws java.lang.Exception"
2019-01-18 10:52:26 [main] INFO  o.s.w.s.m.m.a.RequestMappingHandlerMapping - "Mapped "{[/api/v1/info/reservePlanById],methods=[GET],params=[Id],produces=[text/html;charset=UTF-8]}" onto public java.lang.String com.buptiot.controller.ReservePlanController.getReservePlanById(java.lang.Integer) throws java.lang.Exception"
2019-01-18 10:52:26 [main] INFO  o.s.w.s.m.m.a.RequestMappingHandlerMapping - "Mapped "{[/api/v1/info/reservePlanCount],methods=[GET]}" onto public java.lang.Integer com.buptiot.controller.ReservePlanController.getReservePlanCount() throws java.lang.Exception"
2019-01-18 10:52:26 [main] INFO  o.s.w.s.m.m.a.RequestMappingHandlerMapping - "Mapped "{[/api/v1/info/reservePlan],methods=[POST],produces=[text/html;charset=UTF-8]}" onto public java.lang.String com.buptiot.controller.ReservePlanController.createReservePlan(java.lang.String) throws java.lang.Exception"
2019-01-18 10:52:26 [main] INFO  o.s.w.s.m.m.a.RequestMappingHandlerMapping - "Mapped "{[/api/v1/info/reservePlan],methods=[PUT],produces=[text/html;charset=UTF-8]}" onto public java.lang.String com.buptiot.controller.ReservePlanController.updateReservePlan(java.lang.String) throws java.lang.Exception"
2019-01-18 10:52:26 [main] INFO  o.s.w.s.m.m.a.RequestMappingHandlerMapping - "Mapped "{[/api/v1/info/reservePlanById],methods=[DELETE],params=[id]}" onto public void com.buptiot.controller.ReservePlanController.deleteReservePlanById(java.lang.Integer)"
2019-01-18 10:52:26 [main] INFO  o.s.w.s.m.m.a.RequestMappingHandlerMapping - "Mapped "{[/api/v1/info/alreadyReservePlan],methods=[GET],produces=[text/html;charset=UTF-8]}" onto public java.lang.String com.buptiot.controller.ReservePlanController.getAlreadyReservePlan() throws java.lang.Exception"
2019-01-18 10:52:26 [main] INFO  o.s.w.s.m.m.a.RequestMappingHandlerMapping - "Mapped "{[/api/v1/info/disagreeReservePlan],methods=[PUT],params=[id]}" onto public void com.buptiot.controller.ReservePlanController.disagreeReservePlan(java.lang.Integer) throws java.lang.Exception"
2019-01-18 10:52:26 [main] INFO  o.s.w.s.m.m.a.RequestMappingHandlerMapping - "Mapped "{[/api/v1/info/userInfoByPlanId],methods=[GET],params=[id],produces=[text/html;charset=UTF-8]}" onto public java.lang.String com.buptiot.controller.ReservePlanController.getUserInfoByPlanId(java.lang.Integer) throws java.lang.Exception"
2019-01-18 10:52:26 [main] INFO  o.s.w.s.m.m.a.RequestMappingHandlerMapping - "Mapped "{[/api/v1/info/noReservePlan],methods=[GET],produces=[text/html;charset=UTF-8]}" onto public java.lang.String com.buptiot.controller.ReservePlanController.getNoReservePlan() throws java.lang.Exception"
2019-01-18 10:52:26 [main] INFO  o.s.w.s.m.m.a.RequestMappingHandlerMapping - "Mapped "{[/api/v1/info/agreeReservePlan],methods=[PUT],params=[id]}" onto public void com.buptiot.controller.ReservePlanController.agreeReservePlan(java.lang.Integer) throws java.lang.Exception"
2019-01-18 10:52:26 [main] INFO  o.s.w.s.m.m.a.RequestMappingHandlerMapping - "Mapped "{[/api/v1/info/roleByRoleId],methods=[DELETE],params=[roleId]}" onto public void com.buptiot.controller.RoleController.deleteRoleByRoleId(java.lang.Integer)"
2019-01-18 10:52:26 [main] INFO  o.s.w.s.m.m.a.RequestMappingHandlerMapping - "Mapped "{[/api/v1/info/roleByAccessId],methods=[GET],params=[accessId],produces=[text/html;charset=UTF-8]}" onto public java.lang.String com.buptiot.controller.RoleController.getRoleByAccessId(java.lang.Integer) throws java.lang.Exception"
2019-01-18 10:52:26 [main] INFO  o.s.w.s.m.m.a.RequestMappingHandlerMapping - "Mapped "{[/api/v1/info/rolePages],methods=[GET],params=[limit]}" onto public java.lang.Integer com.buptiot.controller.RoleController.getRolePages(int) throws java.lang.Exception"
2019-01-18 10:52:26 [main] INFO  o.s.w.s.m.m.a.RequestMappingHandlerMapping - "Mapped "{[/api/v1/info/roleByPage],methods=[GET],params=[limit && page],produces=[text/html;charset=UTF-8]}" onto public java.lang.String com.buptiot.controller.RoleController.getRoleByPage(int,int) throws java.lang.Exception"
2019-01-18 10:52:26 [main] INFO  o.s.w.s.m.m.a.RequestMappingHandlerMapping - "Mapped "{[/api/v1/info/roleByRoleId],methods=[GET],params=[roleId],produces=[text/html;charset=UTF-8]}" onto public java.lang.String com.buptiot.controller.RoleController.getRoleByRoleId(java.lang.Integer) throws java.lang.Exception"
2019-01-18 10:52:26 [main] INFO  o.s.w.s.m.m.a.RequestMappingHandlerMapping - "Mapped "{[/api/v1/info/roleCount],methods=[GET]}" onto public java.lang.Integer com.buptiot.controller.RoleController.getRoleCount() throws java.lang.Exception"
2019-01-18 10:52:26 [main] INFO  o.s.w.s.m.m.a.RequestMappingHandlerMapping - "Mapped "{[/api/v1/info/role],methods=[POST],produces=[text/html;charset=UTF-8]}" onto public java.lang.String com.buptiot.controller.RoleController.createRole(java.lang.String) throws java.lang.Exception"
2019-01-18 10:52:26 [main] INFO  o.s.w.s.m.m.a.RequestMappingHandlerMapping - "Mapped "{[/api/v1/info/role],methods=[PUT],produces=[text/html;charset=UTF-8]}" onto public java.lang.String com.buptiot.controller.RoleController.updateRole(java.lang.String) throws java.lang.Exception"
2019-01-18 10:52:26 [main] INFO  o.s.w.s.m.m.a.RequestMappingHandlerMapping - "Mapped "{[/api/v1/info/role],methods=[GET],produces=[text/html;charset=UTF-8]}" onto public java.lang.String com.buptiot.controller.RoleController.getAllRole() throws java.lang.Exception"
2019-01-18 10:52:26 [main] INFO  o.s.w.s.m.m.a.RequestMappingHandlerMapping - "Mapped "{[/api/v1/info/roleByUserId],methods=[GET],params=[Id],produces=[text/html;charset=UTF-8]}" onto public java.lang.String com.buptiot.controller.RoleController.getRoleByUserId(java.lang.Integer) throws java.lang.Exception"
2019-01-18 10:52:26 [main] INFO  o.s.w.s.m.m.a.RequestMappingHandlerMapping - "Mapped "{[/api/v1/info/userInfoByPage],methods=[GET],params=[limit && page],produces=[text/html;charset=UTF-8]}" onto public java.lang.String com.buptiot.controller.UserInfoController.getUserInfoByPage(int,int) throws java.lang.Exception"
2019-01-18 10:52:26 [main] INFO  o.s.w.s.m.m.a.RequestMappingHandlerMapping - "Mapped "{[/api/v1/info/userInfoById],methods=[DELETE],params=[Id]}" onto public void com.buptiot.controller.UserInfoController.deleteUserInfoById(java.lang.Integer)"
2019-01-18 10:52:26 [main] INFO  o.s.w.s.m.m.a.RequestMappingHandlerMapping - "Mapped "{[/api/v1/info/userInfoByRoleId],methods=[GET],params=[roleId],produces=[text/html;charset=UTF-8]}" onto public java.lang.String com.buptiot.controller.UserInfoController.getUserInfoByRoleId(java.lang.Integer) throws java.lang.Exception"
2019-01-18 10:52:26 [main] INFO  o.s.w.s.m.m.a.RequestMappingHandlerMapping - "Mapped "{[/api/v1/info/userInfoByAccessId],methods=[GET],params=[accessId],produces=[text/html;charset=UTF-8]}" onto public java.lang.String com.buptiot.controller.UserInfoController.getUserInfoByAccessId(java.lang.Integer) throws java.lang.Exception"
2019-01-18 10:52:26 [main] INFO  o.s.w.s.m.m.a.RequestMappingHandlerMapping - "Mapped "{[/api/v1/info/userInfoById],methods=[GET],params=[Id],produces=[text/html;charset=UTF-8]}" onto public java.lang.String com.buptiot.controller.UserInfoController.getUserInfoById(java.lang.Integer) throws java.lang.Exception"
2019-01-18 10:52:26 [main] INFO  o.s.w.s.m.m.a.RequestMappingHandlerMapping - "Mapped "{[/api/v1/info/userInfoPages],methods=[GET],params=[limit]}" onto public java.lang.Integer com.buptiot.controller.UserInfoController.getUserInfoPages(int) throws java.lang.Exception"
2019-01-18 10:52:26 [main] INFO  o.s.w.s.m.m.a.RequestMappingHandlerMapping - "Mapped "{[/api/v1/info/userInfoCount],methods=[GET]}" onto public java.lang.Integer com.buptiot.controller.UserInfoController.getUserInfoCount() throws java.lang.Exception"
2019-01-18 10:52:26 [main] INFO  o.s.w.s.m.m.a.RequestMappingHandlerMapping - "Mapped "{[/api/v1/info/userInfo],methods=[POST],produces=[text/html;charset=UTF-8]}" onto public java.lang.String com.buptiot.controller.UserInfoController.createUserInfo(java.lang.String) throws java.lang.Exception"
2019-01-18 10:52:26 [main] INFO  o.s.w.s.m.m.a.RequestMappingHandlerMapping - "Mapped "{[/api/v1/info/userInfo],methods=[PUT],produces=[text/html;charset=UTF-8]}" onto public java.lang.String com.buptiot.controller.UserInfoController.updateUserInfo(java.lang.String) throws java.lang.Exception"
2019-01-18 10:52:26 [main] INFO  o.s.w.s.m.m.a.RequestMappingHandlerMapping - "Mapped "{[/api/v1/info/userInfo],methods=[GET],produces=[text/html;charset=UTF-8]}" onto public java.lang.String com.buptiot.controller.UserInfoController.getAllUserInfo() throws java.lang.Exception"
2019-01-18 10:52:26 [main] INFO  o.s.w.s.m.m.a.RequestMappingHandlerMapping - "Mapped "{[/error]}" onto public org.springframework.http.ResponseEntity<java.util.Map<java.lang.String, java.lang.Object>> org.springframework.boot.autoconfigure.web.servlet.error.BasicErrorController.error(javax.servlet.http.HttpServletRequest)"
2019-01-18 10:52:26 [main] INFO  o.s.w.s.m.m.a.RequestMappingHandlerMapping - "Mapped "{[/error],produces=[text/html]}" onto public org.springframework.web.servlet.ModelAndView org.springframework.boot.autoconfigure.web.servlet.error.BasicErrorController.errorHtml(javax.servlet.http.HttpServletRequest,javax.servlet.http.HttpServletResponse)"
2019-01-18 10:52:26 [main] INFO  o.s.w.s.h.SimpleUrlHandlerMapping - "Mapped URL path [/webjars/**] onto handler of type [class org.springframework.web.servlet.resource.ResourceHttpRequestHandler]"
2019-01-18 10:52:26 [main] INFO  o.s.w.s.h.SimpleUrlHandlerMapping - "Mapped URL path [/**] onto handler of type [class org.springframework.web.servlet.resource.ResourceHttpRequestHandler]"
2019-01-18 10:52:27 [main] INFO  o.s.j.e.a.AnnotationMBeanExporter - "Registering beans for JMX exposure on startup"
2019-01-18 10:52:27 [main] INFO  o.s.j.e.a.AnnotationMBeanExporter - "Bean with name 'dataSource' has been autodetected for JMX exposure"
2019-01-18 10:52:27 [main] INFO  o.s.j.e.a.AnnotationMBeanExporter - "Located MBean 'dataSource': registering with JMX server as MBean [com.zaxxer.hikari:name=dataSource,type=HikariDataSource]"
2019-01-18 10:52:27 [main] INFO  o.a.coyote.http11.Http11NioProtocol - "Starting ProtocolHandler ["http-nio-8086"]"
2019-01-18 10:52:27 [main] INFO  o.a.tomcat.util.net.NioSelectorPool - "Using a shared selector for servlet write/read"
2019-01-18 10:52:27 [main] INFO  o.s.b.w.e.tomcat.TomcatWebServer - "Tomcat started on port(s): 8086 (http) with context path ''"
2019-01-18 10:52:27 [main] INFO  com.buptiot.OasysApplication - "Started OasysApplication in 15.842 seconds (JVM running for 20.378)"
2019-01-18 10:52:37 [http-nio-8086-exec-1] INFO  o.a.c.c.C.[Tomcat].[localhost].[/] - "Initializing Spring FrameworkServlet 'dispatcherServlet'"
2019-01-18 10:52:37 [http-nio-8086-exec-1] INFO  o.s.web.servlet.DispatcherServlet - "FrameworkServlet 'dispatcherServlet': initialization started"
2019-01-18 10:52:38 [http-nio-8086-exec-1] INFO  o.s.web.servlet.DispatcherServlet - "FrameworkServlet 'dispatcherServlet': initialization completed in 41 ms"
