2018-11-28 11:01:09 [main] INFO  com.buptiot.OasysApplication - "Starting OasysApplication on zyf-PC with PID 3532 (F:\github\oasys\target\classes started by zyf in F:\github\oasys)"
2018-11-28 11:01:09 [main] INFO  com.buptiot.OasysApplication - "The following profiles are active: application"
2018-11-28 11:01:09 [main] INFO  o.s.b.w.s.c.AnnotationConfigServletWebServerApplicationContext - "Refreshing org.springframework.boot.web.servlet.context.AnnotationConfigServletWebServerApplicationContext@22555ebf: startup date [Wed Nov 28 11:01:09 CST 2018]; root of context hierarchy"
2018-11-28 11:01:16 [main] INFO  o.s.b.w.e.tomcat.TomcatWebServer - "Tomcat initialized with port(s): 8086 (http)"
2018-11-28 11:01:16 [main] INFO  o.a.coyote.http11.Http11NioProtocol - "Initializing ProtocolHandler ["http-nio-8086"]"
2018-11-28 11:01:16 [main] INFO  o.a.catalina.core.StandardService - "Starting service [Tomcat]"
2018-11-28 11:01:16 [main] INFO  o.a.catalina.core.StandardEngine - "Starting Servlet Engine: Apache Tomcat/8.5.34"
2018-11-28 11:01:16 [localhost-startStop-1] INFO  o.a.c.core.AprLifecycleListener - "The APR based Apache Tomcat Native library which allows optimal performance in production environments was not found on the java.library.path: [E:\java\jdk\bin;C:\Windows\Sun\Java\bin;C:\Windows\system32;C:\Windows;E:\java\jdk\bin;E:\java\jdk\jre\bin;C:\ProgramData\Oracle\Java\javapath;C:\Windows\system32;C:\Windows;C:\Windows\System32\Wbem;C:\Windows\System32\WindowsPowerShell\v1.0\;C:\Program Files (x86)\ATI Technologies\ATI.ACE\Core-Static;E:\Matlab2010A\runtime\win64;E:\Matlab2010A\bin;C:\Program Files (x86)\Microsoft SQL Server\90\Tools\binn\;C:\Program Files\Microsoft SQL Server\90\DTS\Binn\;C:\Program Files\Microsoft SQL Server\90\Tools\binn\;C:\Program Files (x86)\Microsoft SQL Server\80\Tools\Binn\;C:\Program Files (x86)\Windows Kits\8.1\Windows Performance Toolkit\;C:\Program Files\Microsoft SQL Server\110\Tools\Binn\;C:\Program Files (x86)\Microsoft SDKs\TypeScript\1.0\;C:\Program Files\Microsoft SQL Server\120\Tools\Binn\;e:\quartus\quartus\bin;E:\apache-maven-3.5.0\bin;E:\Git\cmd;E:\nodejs\;C:\Program Files\MySQL\MySQL Utilities 1.6\;E:\SQLlite;E:\Python\Python37;E:\Python\Python37\Scripts;C:\Users\zyf\AppData\Roaming\npm;.]"
2018-11-28 11:01:17 [localhost-startStop-1] INFO  o.a.c.c.C.[Tomcat].[localhost].[/] - "Initializing Spring embedded WebApplicationContext"
2018-11-28 11:01:17 [localhost-startStop-1] INFO  o.s.web.context.ContextLoader - "Root WebApplicationContext: initialization completed in 7335 ms"
2018-11-28 11:01:17 [localhost-startStop-1] INFO  o.s.b.w.s.ServletRegistrationBean - "Servlet dispatcherServlet mapped to [/]"
2018-11-28 11:01:17 [localhost-startStop-1] INFO  o.s.b.w.s.FilterRegistrationBean - "Mapping filter: 'characterEncodingFilter' to: [/*]"
2018-11-28 11:01:17 [localhost-startStop-1] INFO  o.s.b.w.s.FilterRegistrationBean - "Mapping filter: 'hiddenHttpMethodFilter' to: [/*]"
2018-11-28 11:01:17 [localhost-startStop-1] INFO  o.s.b.w.s.FilterRegistrationBean - "Mapping filter: 'httpPutFormContentFilter' to: [/*]"
2018-11-28 11:01:17 [localhost-startStop-1] INFO  o.s.b.w.s.FilterRegistrationBean - "Mapping filter: 'requestContextFilter' to: [/*]"
2018-11-28 11:01:18 [main] INFO  o.s.w.s.h.SimpleUrlHandlerMapping - "Mapped URL path [/**/favicon.ico] onto handler of type [class org.springframework.web.servlet.resource.ResourceHttpRequestHandler]"
2018-11-28 11:01:19 [main] INFO  o.s.w.s.m.m.a.RequestMappingHandlerAdapter - "Looking for @ControllerAdvice: org.springframework.boot.web.servlet.context.AnnotationConfigServletWebServerApplicationContext@22555ebf: startup date [Wed Nov 28 11:01:09 CST 2018]; root of context hierarchy"
2018-11-28 11:01:20 [main] INFO  o.s.w.s.m.m.a.RequestMappingHandlerMapping - "Mapped "{[/api/v1/info/travelByTravelId],methods=[GET],params=[travelId],produces=[text/html;charset=UTF-8]}" onto public java.lang.String com.buptiot.controller.TravelController.getTravelByTravelId(java.lang.Integer) throws java.lang.Exception"
2018-11-28 11:01:20 [main] INFO  o.s.w.s.m.m.a.RequestMappingHandlerMapping - "Mapped "{[/api/v1/info/travelByTravelId],methods=[DELETE],params=[travelId]}" onto public void com.buptiot.controller.TravelController.deleteTravelByTravelId(java.lang.Integer)"
2018-11-28 11:01:20 [main] INFO  o.s.w.s.m.m.a.RequestMappingHandlerMapping - "Mapped "{[/api/v1/info/travelByDate],methods=[DELETE],params=[date]}" onto public void com.buptiot.controller.TravelController.deleteTravelByDate(java.lang.Long)"
2018-11-28 11:01:20 [main] INFO  o.s.w.s.m.m.a.RequestMappingHandlerMapping - "Mapped "{[/api/v1/info/travelPages],methods=[GET],params=[limit]}" onto public java.lang.Integer com.buptiot.controller.TravelController.getTravelPages(int) throws java.lang.Exception"
2018-11-28 11:01:20 [main] INFO  o.s.w.s.m.m.a.RequestMappingHandlerMapping - "Mapped "{[/api/v1/info/travelByPage],methods=[GET],params=[limit && page],produces=[text/html;charset=UTF-8]}" onto public java.lang.String com.buptiot.controller.TravelController.getTravelByPage(int,int) throws java.lang.Exception"
2018-11-28 11:01:20 [main] INFO  o.s.w.s.m.m.a.RequestMappingHandlerMapping - "Mapped "{[/api/v1/info/travelByDate],methods=[GET],params=[Date],produces=[text/html;charset=UTF-8]}" onto public java.lang.String com.buptiot.controller.TravelController.getTravelByDate(java.lang.Long) throws java.lang.Exception"
2018-11-28 11:01:20 [main] INFO  o.s.w.s.m.m.a.RequestMappingHandlerMapping - "Mapped "{[/api/v1/info/travelCount],methods=[GET]}" onto public java.lang.Integer com.buptiot.controller.TravelController.getTravelCount() throws java.lang.Exception"
2018-11-28 11:01:20 [main] INFO  o.s.w.s.m.m.a.RequestMappingHandlerMapping - "Mapped "{[/api/v1/info/travel],methods=[POST],produces=[text/html;charset=UTF-8]}" onto public java.lang.String com.buptiot.controller.TravelController.createTravel(java.lang.String) throws java.lang.Exception"
2018-11-28 11:01:20 [main] INFO  o.s.w.s.m.m.a.RequestMappingHandlerMapping - "Mapped "{[/api/v1/info/travel],methods=[PUT],produces=[text/html;charset=UTF-8]}" onto public java.lang.String com.buptiot.controller.TravelController.updateTravel(java.lang.String) throws java.lang.Exception"
2018-11-28 11:01:20 [main] INFO  o.s.w.s.m.m.a.RequestMappingHandlerMapping - "Mapped "{[/api/v1/info/travel],methods=[GET],produces=[text/html;charset=UTF-8]}" onto public java.lang.String com.buptiot.controller.TravelController.getAllTravel() throws java.lang.Exception"
2018-11-28 11:01:20 [main] INFO  o.s.w.s.m.m.a.RequestMappingHandlerMapping - "Mapped "{[/api/v1/info/travelDetailByPage],methods=[GET],params=[limit && page],produces=[text/html;charset=UTF-8]}" onto public java.lang.String com.buptiot.controller.TravelDetailController.getTravelDetailByPage(int,int) throws java.lang.Exception"
2018-11-28 11:01:20 [main] INFO  o.s.w.s.m.m.a.RequestMappingHandlerMapping - "Mapped "{[/api/v1/info/travelDetailPages],methods=[GET],params=[limit]}" onto public java.lang.Integer com.buptiot.controller.TravelDetailController.getTravelDetailPages(int) throws java.lang.Exception"
2018-11-28 11:01:20 [main] INFO  o.s.w.s.m.m.a.RequestMappingHandlerMapping - "Mapped "{[/api/v1/info/travelDetailByDetailId],methods=[GET],params=[detailId],produces=[text/html;charset=UTF-8]}" onto public java.lang.String com.buptiot.controller.TravelDetailController.getTravelDetailByDetailId(java.lang.Integer) throws java.lang.Exception"
2018-11-28 11:01:20 [main] INFO  o.s.w.s.m.m.a.RequestMappingHandlerMapping - "Mapped "{[/api/v1/info/travelDetailByStartDate],methods=[GET],params=[startDate],produces=[text/html;charset=UTF-8]}" onto public java.lang.String com.buptiot.controller.TravelDetailController.getTravelDetailByStartDate(java.lang.Long) throws java.lang.Exception"
2018-11-28 11:01:20 [main] INFO  o.s.w.s.m.m.a.RequestMappingHandlerMapping - "Mapped "{[/api/v1/info/travelDetailByEndDate],methods=[GET],params=[endDate],produces=[text/html;charset=UTF-8]}" onto public java.lang.String com.buptiot.controller.TravelDetailController.getTravelDetailByEndDate(java.lang.Long) throws java.lang.Exception"
2018-11-28 11:01:20 [main] INFO  o.s.w.s.m.m.a.RequestMappingHandlerMapping - "Mapped "{[/api/v1/info/travelDetailCount],methods=[GET]}" onto public java.lang.Integer com.buptiot.controller.TravelDetailController.getTravelDetailCount() throws java.lang.Exception"
2018-11-28 11:01:20 [main] INFO  o.s.w.s.m.m.a.RequestMappingHandlerMapping - "Mapped "{[/api/v1/info/travelDetail],methods=[POST],produces=[text/html;charset=UTF-8]}" onto public java.lang.String com.buptiot.controller.TravelDetailController.createTravelDetail(java.lang.String) throws java.lang.Exception"
2018-11-28 11:01:20 [main] INFO  o.s.w.s.m.m.a.RequestMappingHandlerMapping - "Mapped "{[/api/v1/info/travelDetail],methods=[PUT],produces=[text/html;charset=UTF-8]}" onto public java.lang.String com.buptiot.controller.TravelDetailController.updateTravelDetail(java.lang.String) throws java.lang.Exception"
2018-11-28 11:01:20 [main] INFO  o.s.w.s.m.m.a.RequestMappingHandlerMapping - "Mapped "{[/api/v1/info/travelDetailByDetailId],methods=[DELETE],params=[detailId]}" onto public void com.buptiot.controller.TravelDetailController.deleteTravelDetailById(java.lang.Integer)"
2018-11-28 11:01:20 [main] INFO  o.s.w.s.m.m.a.RequestMappingHandlerMapping - "Mapped "{[/api/v1/info/travelDetailByStartDate],methods=[DELETE],params=[startDate]}" onto public void com.buptiot.controller.TravelDetailController.deleteTravelDetailByStartDate(java.lang.Long)"
2018-11-28 11:01:20 [main] INFO  o.s.w.s.m.m.a.RequestMappingHandlerMapping - "Mapped "{[/api/v1/info/travelDetailByEndDate],methods=[DELETE],params=[endDate]}" onto public void com.buptiot.controller.TravelDetailController.deleteTravelDetailByEndDate(java.lang.Long)"
2018-11-28 11:01:20 [main] INFO  o.s.w.s.m.m.a.RequestMappingHandlerMapping - "Mapped "{[/api/v1/info/travelDetail],methods=[GET],produces=[text/html;charset=UTF-8]}" onto public java.lang.String com.buptiot.controller.TravelDetailController.getAllTravelDetail() throws java.lang.Exception"
2018-11-28 11:01:20 [main] INFO  o.s.w.s.m.m.a.RequestMappingHandlerMapping - "Mapped "{[/api/v1/info/userByPage],methods=[GET],params=[limit && page],produces=[text/html;charset=UTF-8]}" onto public java.lang.String com.buptiot.controller.UserController.getUserByPage(int,int) throws java.lang.Exception"
2018-11-28 11:01:20 [main] INFO  o.s.w.s.m.m.a.RequestMappingHandlerMapping - "Mapped "{[/api/v1/info/userPages],methods=[GET],params=[limit]}" onto public java.lang.Integer com.buptiot.controller.UserController.getUserPages(int) throws java.lang.Exception"
2018-11-28 11:01:20 [main] INFO  o.s.w.s.m.m.a.RequestMappingHandlerMapping - "Mapped "{[/api/v1/info/userById],methods=[GET],params=[Id],produces=[text/html;charset=UTF-8]}" onto public java.lang.String com.buptiot.controller.UserController.getUserById(java.lang.Integer) throws java.lang.Exception"
2018-11-28 11:01:20 [main] INFO  o.s.w.s.m.m.a.RequestMappingHandlerMapping - "Mapped "{[/api/v1/info/userCount],methods=[GET]}" onto public java.lang.Integer com.buptiot.controller.UserController.getUserCount() throws java.lang.Exception"
2018-11-28 11:01:20 [main] INFO  o.s.w.s.m.m.a.RequestMappingHandlerMapping - "Mapped "{[/api/v1/info/user],methods=[POST],produces=[text/html;charset=UTF-8]}" onto public java.lang.String com.buptiot.controller.UserController.createUser(java.lang.String) throws java.lang.Exception"
2018-11-28 11:01:20 [main] INFO  o.s.w.s.m.m.a.RequestMappingHandlerMapping - "Mapped "{[/api/v1/info/user],methods=[PUT],produces=[text/html;charset=UTF-8]}" onto public java.lang.String com.buptiot.controller.UserController.updateUser(java.lang.String) throws java.lang.Exception"
2018-11-28 11:01:20 [main] INFO  o.s.w.s.m.m.a.RequestMappingHandlerMapping - "Mapped "{[/api/v1/info/userById],methods=[DELETE],params=[Id]}" onto public void com.buptiot.controller.UserController.deleteUserById(java.lang.Integer)"
2018-11-28 11:01:20 [main] INFO  o.s.w.s.m.m.a.RequestMappingHandlerMapping - "Mapped "{[/api/v1/info/user],methods=[GET],produces=[text/html;charset=UTF-8]}" onto public java.lang.String com.buptiot.controller.UserController.getAllUser() throws java.lang.Exception"
2018-11-28 11:01:20 [main] INFO  o.s.w.s.m.m.a.RequestMappingHandlerMapping - "Mapped "{[/error]}" onto public org.springframework.http.ResponseEntity<java.util.Map<java.lang.String, java.lang.Object>> org.springframework.boot.autoconfigure.web.servlet.error.BasicErrorController.error(javax.servlet.http.HttpServletRequest)"
2018-11-28 11:01:20 [main] INFO  o.s.w.s.m.m.a.RequestMappingHandlerMapping - "Mapped "{[/error],produces=[text/html]}" onto public org.springframework.web.servlet.ModelAndView org.springframework.boot.autoconfigure.web.servlet.error.BasicErrorController.errorHtml(javax.servlet.http.HttpServletRequest,javax.servlet.http.HttpServletResponse)"
2018-11-28 11:01:20 [main] INFO  o.s.w.s.h.SimpleUrlHandlerMapping - "Mapped URL path [/webjars/**] onto handler of type [class org.springframework.web.servlet.resource.ResourceHttpRequestHandler]"
2018-11-28 11:01:20 [main] INFO  o.s.w.s.h.SimpleUrlHandlerMapping - "Mapped URL path [/**] onto handler of type [class org.springframework.web.servlet.resource.ResourceHttpRequestHandler]"
2018-11-28 11:01:21 [main] INFO  o.s.j.e.a.AnnotationMBeanExporter - "Registering beans for JMX exposure on startup"
2018-11-28 11:01:21 [main] INFO  o.s.j.e.a.AnnotationMBeanExporter - "Bean with name 'dataSource' has been autodetected for JMX exposure"
2018-11-28 11:01:21 [main] INFO  o.s.j.e.a.AnnotationMBeanExporter - "Located MBean 'dataSource': registering with JMX server as MBean [com.zaxxer.hikari:name=dataSource,type=HikariDataSource]"
2018-11-28 11:01:21 [main] INFO  o.a.coyote.http11.Http11NioProtocol - "Starting ProtocolHandler ["http-nio-8086"]"
2018-11-28 11:01:21 [main] INFO  o.a.tomcat.util.net.NioSelectorPool - "Using a shared selector for servlet write/read"
2018-11-28 11:01:21 [main] INFO  o.s.b.w.e.tomcat.TomcatWebServer - "Tomcat started on port(s): 8086 (http) with context path ''"
2018-11-28 11:01:21 [main] INFO  com.buptiot.OasysApplication - "Started OasysApplication in 15.491 seconds (JVM running for 19.398)"
2018-11-28 16:15:02 [main] INFO  com.buptiot.OasysApplication - "Starting OasysApplication on zyf-PC with PID 11484 (F:\github\oasys\target\classes started by zyf in F:\github\oasys)"
2018-11-28 16:15:02 [main] INFO  com.buptiot.OasysApplication - "The following profiles are active: application"
2018-11-28 16:15:03 [main] INFO  o.s.b.w.s.c.AnnotationConfigServletWebServerApplicationContext - "Refreshing org.springframework.boot.web.servlet.context.AnnotationConfigServletWebServerApplicationContext@31190526: startup date [Wed Nov 28 16:15:03 CST 2018]; root of context hierarchy"
2018-11-28 16:15:11 [main] INFO  o.s.b.w.e.tomcat.TomcatWebServer - "Tomcat initialized with port(s): 8086 (http)"
2018-11-28 16:15:11 [main] INFO  o.a.coyote.http11.Http11NioProtocol - "Initializing ProtocolHandler ["http-nio-8086"]"
2018-11-28 16:15:11 [main] INFO  o.a.catalina.core.StandardService - "Starting service [Tomcat]"
2018-11-28 16:15:11 [main] INFO  o.a.catalina.core.StandardEngine - "Starting Servlet Engine: Apache Tomcat/8.5.34"
2018-11-28 16:15:11 [localhost-startStop-1] INFO  o.a.c.core.AprLifecycleListener - "The APR based Apache Tomcat Native library which allows optimal performance in production environments was not found on the java.library.path: [E:\java\jdk\bin;C:\Windows\Sun\Java\bin;C:\Windows\system32;C:\Windows;E:\java\jdk\bin;E:\java\jdk\jre\bin;C:\ProgramData\Oracle\Java\javapath;C:\Windows\system32;C:\Windows;C:\Windows\System32\Wbem;C:\Windows\System32\WindowsPowerShell\v1.0\;C:\Program Files (x86)\ATI Technologies\ATI.ACE\Core-Static;E:\Matlab2010A\runtime\win64;E:\Matlab2010A\bin;C:\Program Files (x86)\Microsoft SQL Server\90\Tools\binn\;C:\Program Files\Microsoft SQL Server\90\DTS\Binn\;C:\Program Files\Microsoft SQL Server\90\Tools\binn\;C:\Program Files (x86)\Microsoft SQL Server\80\Tools\Binn\;C:\Program Files (x86)\Windows Kits\8.1\Windows Performance Toolkit\;C:\Program Files\Microsoft SQL Server\110\Tools\Binn\;C:\Program Files (x86)\Microsoft SDKs\TypeScript\1.0\;C:\Program Files\Microsoft SQL Server\120\Tools\Binn\;e:\quartus\quartus\bin;E:\apache-maven-3.5.0\bin;E:\Git\cmd;E:\nodejs\;C:\Program Files\MySQL\MySQL Utilities 1.6\;E:\SQLlite;E:\Python\Python37;E:\Python\Python37\Scripts;C:\Users\zyf\AppData\Roaming\npm;.]"
2018-11-28 16:15:12 [localhost-startStop-1] INFO  o.a.c.c.C.[Tomcat].[localhost].[/] - "Initializing Spring embedded WebApplicationContext"
2018-11-28 16:15:12 [localhost-startStop-1] INFO  o.s.web.context.ContextLoader - "Root WebApplicationContext: initialization completed in 9067 ms"
2018-11-28 16:15:12 [localhost-startStop-1] INFO  o.s.b.w.s.ServletRegistrationBean - "Servlet dispatcherServlet mapped to [/]"
2018-11-28 16:15:12 [localhost-startStop-1] INFO  o.s.b.w.s.FilterRegistrationBean - "Mapping filter: 'characterEncodingFilter' to: [/*]"
2018-11-28 16:15:12 [localhost-startStop-1] INFO  o.s.b.w.s.FilterRegistrationBean - "Mapping filter: 'hiddenHttpMethodFilter' to: [/*]"
2018-11-28 16:15:12 [localhost-startStop-1] INFO  o.s.b.w.s.FilterRegistrationBean - "Mapping filter: 'httpPutFormContentFilter' to: [/*]"
2018-11-28 16:15:12 [localhost-startStop-1] INFO  o.s.b.w.s.FilterRegistrationBean - "Mapping filter: 'requestContextFilter' to: [/*]"
2018-11-28 16:15:13 [main] INFO  o.s.w.s.h.SimpleUrlHandlerMapping - "Mapped URL path [/**/favicon.ico] onto handler of type [class org.springframework.web.servlet.resource.ResourceHttpRequestHandler]"
2018-11-28 16:15:14 [main] INFO  o.s.w.s.m.m.a.RequestMappingHandlerAdapter - "Looking for @ControllerAdvice: org.springframework.boot.web.servlet.context.AnnotationConfigServletWebServerApplicationContext@31190526: startup date [Wed Nov 28 16:15:03 CST 2018]; root of context hierarchy"
2018-11-28 16:15:14 [main] INFO  o.s.w.s.m.m.a.RequestMappingHandlerMapping - "Mapped "{[/api/v1/info/travelByTravelId],methods=[GET],params=[travelId],produces=[text/html;charset=UTF-8]}" onto public java.lang.String com.buptiot.controller.TravelController.getTravelByTravelId(java.lang.Integer) throws java.lang.Exception"
2018-11-28 16:15:14 [main] INFO  o.s.w.s.m.m.a.RequestMappingHandlerMapping - "Mapped "{[/api/v1/info/travelByTravelId],methods=[DELETE],params=[travelId]}" onto public void com.buptiot.controller.TravelController.deleteTravelByTravelId(java.lang.Integer)"
2018-11-28 16:15:14 [main] INFO  o.s.w.s.m.m.a.RequestMappingHandlerMapping - "Mapped "{[/api/v1/info/travelByDate],methods=[DELETE],params=[date]}" onto public void com.buptiot.controller.TravelController.deleteTravelByDate(java.lang.Long)"
2018-11-28 16:15:14 [main] INFO  o.s.w.s.m.m.a.RequestMappingHandlerMapping - "Mapped "{[/api/v1/info/travelByDate],methods=[GET],params=[Date],produces=[text/html;charset=UTF-8]}" onto public java.lang.String com.buptiot.controller.TravelController.getTravelByDate(java.lang.Long) throws java.lang.Exception"
2018-11-28 16:15:14 [main] INFO  o.s.w.s.m.m.a.RequestMappingHandlerMapping - "Mapped "{[/api/v1/info/travelPages],methods=[GET],params=[limit]}" onto public java.lang.Integer com.buptiot.controller.TravelController.getTravelPages(int) throws java.lang.Exception"
2018-11-28 16:15:14 [main] INFO  o.s.w.s.m.m.a.RequestMappingHandlerMapping - "Mapped "{[/api/v1/info/travelByPage],methods=[GET],params=[limit && page],produces=[text/html;charset=UTF-8]}" onto public java.lang.String com.buptiot.controller.TravelController.getTravelByPage(int,int) throws java.lang.Exception"
2018-11-28 16:15:14 [main] INFO  o.s.w.s.m.m.a.RequestMappingHandlerMapping - "Mapped "{[/api/v1/info/travelCount],methods=[GET]}" onto public java.lang.Integer com.buptiot.controller.TravelController.getTravelCount() throws java.lang.Exception"
2018-11-28 16:15:14 [main] INFO  o.s.w.s.m.m.a.RequestMappingHandlerMapping - "Mapped "{[/api/v1/info/travel],methods=[POST],produces=[text/html;charset=UTF-8]}" onto public java.lang.String com.buptiot.controller.TravelController.createTravel(java.lang.String) throws java.lang.Exception"
2018-11-28 16:15:14 [main] INFO  o.s.w.s.m.m.a.RequestMappingHandlerMapping - "Mapped "{[/api/v1/info/travel],methods=[PUT],produces=[text/html;charset=UTF-8]}" onto public java.lang.String com.buptiot.controller.TravelController.updateTravel(java.lang.String) throws java.lang.Exception"
2018-11-28 16:15:14 [main] INFO  o.s.w.s.m.m.a.RequestMappingHandlerMapping - "Mapped "{[/api/v1/info/travel],methods=[GET],produces=[text/html;charset=UTF-8]}" onto public java.lang.String com.buptiot.controller.TravelController.getAllTravel() throws java.lang.Exception"
2018-11-28 16:15:14 [main] INFO  o.s.w.s.m.m.a.RequestMappingHandlerMapping - "Mapped "{[/api/v1/info/travelDetailByPage],methods=[GET],params=[limit && page],produces=[text/html;charset=UTF-8]}" onto public java.lang.String com.buptiot.controller.TravelDetailController.getTravelDetailByPage(int,int) throws java.lang.Exception"
2018-11-28 16:15:14 [main] INFO  o.s.w.s.m.m.a.RequestMappingHandlerMapping - "Mapped "{[/api/v1/info/travelDetailPages],methods=[GET],params=[limit]}" onto public java.lang.Integer com.buptiot.controller.TravelDetailController.getTravelDetailPages(int) throws java.lang.Exception"
2018-11-28 16:15:14 [main] INFO  o.s.w.s.m.m.a.RequestMappingHandlerMapping - "Mapped "{[/api/v1/info/travelDetailByDetailId],methods=[GET],params=[detailId],produces=[text/html;charset=UTF-8]}" onto public java.lang.String com.buptiot.controller.TravelDetailController.getTravelDetailByDetailId(java.lang.Integer) throws java.lang.Exception"
2018-11-28 16:15:14 [main] INFO  o.s.w.s.m.m.a.RequestMappingHandlerMapping - "Mapped "{[/api/v1/info/travelDetailByStartDate],methods=[GET],params=[startDate],produces=[text/html;charset=UTF-8]}" onto public java.lang.String com.buptiot.controller.TravelDetailController.getTravelDetailByStartDate(java.lang.Long) throws java.lang.Exception"
2018-11-28 16:15:14 [main] INFO  o.s.w.s.m.m.a.RequestMappingHandlerMapping - "Mapped "{[/api/v1/info/travelDetailByEndDate],methods=[GET],params=[endDate],produces=[text/html;charset=UTF-8]}" onto public java.lang.String com.buptiot.controller.TravelDetailController.getTravelDetailByEndDate(java.lang.Long) throws java.lang.Exception"
2018-11-28 16:15:14 [main] INFO  o.s.w.s.m.m.a.RequestMappingHandlerMapping - "Mapped "{[/api/v1/info/travelDetailCount],methods=[GET]}" onto public java.lang.Integer com.buptiot.controller.TravelDetailController.getTravelDetailCount() throws java.lang.Exception"
2018-11-28 16:15:14 [main] INFO  o.s.w.s.m.m.a.RequestMappingHandlerMapping - "Mapped "{[/api/v1/info/travelDetail],methods=[POST],produces=[text/html;charset=UTF-8]}" onto public java.lang.String com.buptiot.controller.TravelDetailController.createTravelDetail(java.lang.String) throws java.lang.Exception"
2018-11-28 16:15:14 [main] INFO  o.s.w.s.m.m.a.RequestMappingHandlerMapping - "Mapped "{[/api/v1/info/travelDetail],methods=[PUT],produces=[text/html;charset=UTF-8]}" onto public java.lang.String com.buptiot.controller.TravelDetailController.updateTravelDetail(java.lang.String) throws java.lang.Exception"
2018-11-28 16:15:14 [main] INFO  o.s.w.s.m.m.a.RequestMappingHandlerMapping - "Mapped "{[/api/v1/info/travelDetailByDetailId],methods=[DELETE],params=[detailId]}" onto public void com.buptiot.controller.TravelDetailController.deleteTravelDetailById(java.lang.Integer)"
2018-11-28 16:15:14 [main] INFO  o.s.w.s.m.m.a.RequestMappingHandlerMapping - "Mapped "{[/api/v1/info/travelDetailByStartDate],methods=[DELETE],params=[startDate]}" onto public void com.buptiot.controller.TravelDetailController.deleteTravelDetailByStartDate(java.lang.Long)"
2018-11-28 16:15:14 [main] INFO  o.s.w.s.m.m.a.RequestMappingHandlerMapping - "Mapped "{[/api/v1/info/travelDetailByEndDate],methods=[DELETE],params=[endDate]}" onto public void com.buptiot.controller.TravelDetailController.deleteTravelDetailByEndDate(java.lang.Long)"
2018-11-28 16:15:14 [main] INFO  o.s.w.s.m.m.a.RequestMappingHandlerMapping - "Mapped "{[/api/v1/info/travelDetail],methods=[GET],produces=[text/html;charset=UTF-8]}" onto public java.lang.String com.buptiot.controller.TravelDetailController.getAllTravelDetail() throws java.lang.Exception"
2018-11-28 16:15:14 [main] INFO  o.s.w.s.m.m.a.RequestMappingHandlerMapping - "Mapped "{[/api/v1/info/userByPage],methods=[GET],params=[limit && page],produces=[text/html;charset=UTF-8]}" onto public java.lang.String com.buptiot.controller.UserController.getUserByPage(int,int) throws java.lang.Exception"
2018-11-28 16:15:14 [main] INFO  o.s.w.s.m.m.a.RequestMappingHandlerMapping - "Mapped "{[/api/v1/info/userPages],methods=[GET],params=[limit]}" onto public java.lang.Integer com.buptiot.controller.UserController.getUserPages(int) throws java.lang.Exception"
2018-11-28 16:15:14 [main] INFO  o.s.w.s.m.m.a.RequestMappingHandlerMapping - "Mapped "{[/api/v1/info/userById],methods=[GET],params=[Id],produces=[text/html;charset=UTF-8]}" onto public java.lang.String com.buptiot.controller.UserController.getUserById(java.lang.Integer) throws java.lang.Exception"
2018-11-28 16:15:14 [main] INFO  o.s.w.s.m.m.a.RequestMappingHandlerMapping - "Mapped "{[/api/v1/info/userCount],methods=[GET]}" onto public java.lang.Integer com.buptiot.controller.UserController.getUserCount() throws java.lang.Exception"
2018-11-28 16:15:14 [main] INFO  o.s.w.s.m.m.a.RequestMappingHandlerMapping - "Mapped "{[/api/v1/info/user],methods=[POST],produces=[text/html;charset=UTF-8]}" onto public java.lang.String com.buptiot.controller.UserController.createUser(java.lang.String) throws java.lang.Exception"
2018-11-28 16:15:14 [main] INFO  o.s.w.s.m.m.a.RequestMappingHandlerMapping - "Mapped "{[/api/v1/info/user],methods=[PUT],produces=[text/html;charset=UTF-8]}" onto public java.lang.String com.buptiot.controller.UserController.updateUser(java.lang.String) throws java.lang.Exception"
2018-11-28 16:15:14 [main] INFO  o.s.w.s.m.m.a.RequestMappingHandlerMapping - "Mapped "{[/api/v1/info/userById],methods=[DELETE],params=[Id]}" onto public void com.buptiot.controller.UserController.deleteUserById(java.lang.Integer)"
2018-11-28 16:15:14 [main] INFO  o.s.w.s.m.m.a.RequestMappingHandlerMapping - "Mapped "{[/api/v1/info/user],methods=[GET],produces=[text/html;charset=UTF-8]}" onto public java.lang.String com.buptiot.controller.UserController.getAllUser() throws java.lang.Exception"
2018-11-28 16:15:14 [main] INFO  o.s.w.s.m.m.a.RequestMappingHandlerMapping - "Mapped "{[/api/v1/info/userInfoByPage],methods=[GET],params=[limit && page],produces=[text/html;charset=UTF-8]}" onto public java.lang.String com.buptiot.controller.UserInfoController.getUserInfoByPage(int,int) throws java.lang.Exception"
2018-11-28 16:15:14 [main] INFO  o.s.w.s.m.m.a.RequestMappingHandlerMapping - "Mapped "{[/api/v1/info/userInfoById],methods=[DELETE],params=[Id]}" onto public void com.buptiot.controller.UserInfoController.deleteUserInfoById(java.lang.Integer)"
2018-11-28 16:15:14 [main] INFO  o.s.w.s.m.m.a.RequestMappingHandlerMapping - "Mapped "{[/api/v1/info/userInfoById],methods=[GET],params=[Id],produces=[text/html;charset=UTF-8]}" onto public java.lang.String com.buptiot.controller.UserInfoController.getUserInfoById(java.lang.Integer) throws java.lang.Exception"
2018-11-28 16:15:14 [main] INFO  o.s.w.s.m.m.a.RequestMappingHandlerMapping - "Mapped "{[/api/v1/info/userInfoPages],methods=[GET],params=[limit]}" onto public java.lang.Integer com.buptiot.controller.UserInfoController.getUserInfoPages(int) throws java.lang.Exception"
2018-11-28 16:15:14 [main] INFO  o.s.w.s.m.m.a.RequestMappingHandlerMapping - "Mapped "{[/api/v1/info/userInfoCount],methods=[GET]}" onto public java.lang.Integer com.buptiot.controller.UserInfoController.getUserInfoCount() throws java.lang.Exception"
2018-11-28 16:15:14 [main] INFO  o.s.w.s.m.m.a.RequestMappingHandlerMapping - "Mapped "{[/api/v1/info/userInfo],methods=[POST],produces=[text/html;charset=UTF-8]}" onto public java.lang.String com.buptiot.controller.UserInfoController.createUserInfo(java.lang.String) throws java.lang.Exception"
2018-11-28 16:15:14 [main] INFO  o.s.w.s.m.m.a.RequestMappingHandlerMapping - "Mapped "{[/api/v1/info/userInfo],methods=[PUT],produces=[text/html;charset=UTF-8]}" onto public java.lang.String com.buptiot.controller.UserInfoController.updateUserInfo(java.lang.String) throws java.lang.Exception"
2018-11-28 16:15:14 [main] INFO  o.s.w.s.m.m.a.RequestMappingHandlerMapping - "Mapped "{[/api/v1/info/userInfo],methods=[GET],produces=[text/html;charset=UTF-8]}" onto public java.lang.String com.buptiot.controller.UserInfoController.getAllUserInfo() throws java.lang.Exception"
2018-11-28 16:15:14 [main] INFO  o.s.w.s.m.m.a.RequestMappingHandlerMapping - "Mapped "{[/error]}" onto public org.springframework.http.ResponseEntity<java.util.Map<java.lang.String, java.lang.Object>> org.springframework.boot.autoconfigure.web.servlet.error.BasicErrorController.error(javax.servlet.http.HttpServletRequest)"
2018-11-28 16:15:14 [main] INFO  o.s.w.s.m.m.a.RequestMappingHandlerMapping - "Mapped "{[/error],produces=[text/html]}" onto public org.springframework.web.servlet.ModelAndView org.springframework.boot.autoconfigure.web.servlet.error.BasicErrorController.errorHtml(javax.servlet.http.HttpServletRequest,javax.servlet.http.HttpServletResponse)"
2018-11-28 16:15:14 [main] INFO  o.s.w.s.h.SimpleUrlHandlerMapping - "Mapped URL path [/webjars/**] onto handler of type [class org.springframework.web.servlet.resource.ResourceHttpRequestHandler]"
2018-11-28 16:15:14 [main] INFO  o.s.w.s.h.SimpleUrlHandlerMapping - "Mapped URL path [/**] onto handler of type [class org.springframework.web.servlet.resource.ResourceHttpRequestHandler]"
2018-11-28 16:15:15 [main] INFO  o.s.j.e.a.AnnotationMBeanExporter - "Registering beans for JMX exposure on startup"
2018-11-28 16:15:15 [main] INFO  o.s.j.e.a.AnnotationMBeanExporter - "Bean with name 'dataSource' has been autodetected for JMX exposure"
2018-11-28 16:15:15 [main] INFO  o.s.j.e.a.AnnotationMBeanExporter - "Located MBean 'dataSource': registering with JMX server as MBean [com.zaxxer.hikari:name=dataSource,type=HikariDataSource]"
2018-11-28 16:15:15 [main] INFO  o.a.coyote.http11.Http11NioProtocol - "Starting ProtocolHandler ["http-nio-8086"]"
2018-11-28 16:15:15 [main] INFO  o.a.tomcat.util.net.NioSelectorPool - "Using a shared selector for servlet write/read"
2018-11-28 16:15:15 [main] INFO  o.s.b.w.e.tomcat.TomcatWebServer - "Tomcat started on port(s): 8086 (http) with context path ''"
2018-11-28 16:15:15 [main] INFO  com.buptiot.OasysApplication - "Started OasysApplication in 17.684 seconds (JVM running for 24.848)"
2018-11-28 16:15:42 [http-nio-8086-exec-1] INFO  o.a.c.c.C.[Tomcat].[localhost].[/] - "Initializing Spring FrameworkServlet 'dispatcherServlet'"
2018-11-28 16:15:42 [http-nio-8086-exec-1] INFO  o.s.web.servlet.DispatcherServlet - "FrameworkServlet 'dispatcherServlet': initialization started"
2018-11-28 16:15:42 [http-nio-8086-exec-1] INFO  o.s.web.servlet.DispatcherServlet - "FrameworkServlet 'dispatcherServlet': initialization completed in 31 ms"
2018-11-28 16:15:42 [http-nio-8086-exec-1] INFO  com.zaxxer.hikari.HikariDataSource - "HikariPool-1 - Starting..."
2018-11-28 16:15:43 [http-nio-8086-exec-1] INFO  com.zaxxer.hikari.HikariDataSource - "HikariPool-1 - Start completed."
